{"/home/travis/build/npmtest/node-npmtest-wrtc/test.js":{"path":"/home/travis/build/npmtest/node-npmtest-wrtc/test.js","s":{"1":2,"2":2,"3":2,"4":2,"5":2,"6":2,"7":2,"8":1,"9":2,"10":2,"11":1,"12":1,"13":1,"14":1,"15":2,"16":2,"17":2,"18":2,"19":1,"20":1,"21":2,"22":2,"23":2,"24":1,"25":1,"26":1,"27":1,"28":1,"29":1,"30":1,"31":1,"32":1,"33":1,"34":1,"35":1,"36":1,"37":1,"38":1,"39":2,"40":2,"41":1,"42":2,"43":2,"44":1,"45":2,"46":2,"47":1,"48":2,"49":2,"50":1,"51":1,"52":1,"53":1,"54":1},"b":{"1":[2,1,1,1],"2":[1,1,1,1],"3":[1,1],"4":[1,1],"5":[1,1],"6":[1,1],"7":[1,1],"8":[1,1],"9":[1,1],"10":[1,1,1],"11":[1,1],"12":[1,1],"13":[1,1],"14":[1,1],"15":[1,1],"16":[1,1],"17":[1,1]},"f":{"1":2,"2":2,"3":2,"4":2,"5":2,"6":1,"7":1,"8":1,"9":2,"10":2,"11":2,"12":2,"13":1},"fnMap":{"1":{"name":"(anonymous_1)","line":12,"loc":{"start":{"line":12,"column":1},"end":{"line":12,"column":13}}},"2":{"name":"(anonymous_2)","line":19,"loc":{"start":{"line":19,"column":5},"end":{"line":19,"column":17}}},"3":{"name":"(anonymous_3)","line":23,"loc":{"start":{"line":23,"column":24},"end":{"line":23,"column":36}}},"4":{"name":"(anonymous_4)","line":61,"loc":{"start":{"line":61,"column":5},"end":{"line":61,"column":17}}},"5":{"name":"(anonymous_5)","line":82,"loc":{"start":{"line":82,"column":5},"end":{"line":82,"column":17}}},"6":{"name":"(anonymous_6)","line":91,"loc":{"start":{"line":91,"column":77},"end":{"line":94,"column":10}}},"7":{"name":"(anonymous_7)","line":112,"loc":{"start":{"line":112,"column":83},"end":{"line":115,"column":10}},"skip":true},"8":{"name":"(anonymous_8)","line":123,"loc":{"start":{"line":123,"column":77},"end":{"line":126,"column":10}},"skip":true},"9":{"name":"(anonymous_9)","line":139,"loc":{"start":{"line":139,"column":12},"end":{"line":139,"column":40}},"skip":true},"10":{"name":"(anonymous_10)","line":147,"loc":{"start":{"line":147,"column":77},"end":{"line":150,"column":10}},"skip":true},"11":{"name":"(anonymous_11)","line":158,"loc":{"start":{"line":158,"column":83},"end":{"line":161,"column":10}},"skip":true},"12":{"name":"(anonymous_12)","line":169,"loc":{"start":{"line":169,"column":79},"end":{"line":172,"column":10}},"skip":true},"13":{"name":"(anonymous_13)","line":180,"loc":{"start":{"line":180,"column":75},"end":{"line":183,"column":10}},"skip":true}},"statementMap":{"1":{"start":{"line":12,"column":0},"end":{"line":195,"column":5}},"2":{"start":{"line":14,"column":4},"end":{"line":14,"column":14}},"3":{"start":{"line":19,"column":4},"end":{"line":56,"column":9}},"4":{"start":{"line":21,"column":8},"end":{"line":21,"column":19}},"5":{"start":{"line":23,"column":8},"end":{"line":35,"column":13}},"6":{"start":{"line":24,"column":12},"end":{"line":34,"column":13}},"7":{"start":{"line":25,"column":16},"end":{"line":28,"column":30}},"8":{"start":{"line":30,"column":16},"end":{"line":33,"column":27}},"9":{"start":{"line":37,"column":8},"end":{"line":39,"column":21}},"10":{"start":{"line":40,"column":8},"end":{"line":53,"column":9}},"11":{"start":{"line":43,"column":12},"end":{"line":46,"column":14}},"12":{"start":{"line":47,"column":12},"end":{"line":47,"column":18}},"13":{"start":{"line":50,"column":12},"end":{"line":51,"column":46}},"14":{"start":{"line":52,"column":12},"end":{"line":52,"column":18}},"15":{"start":{"line":55,"column":8},"end":{"line":55,"column":35}},"16":{"start":{"line":61,"column":4},"end":{"line":63,"column":9}},"17":{"start":{"line":62,"column":8},"end":{"line":62,"column":15}},"18":{"start":{"line":64,"column":4},"end":{"line":77,"column":5}},"19":{"start":{"line":70,"column":8},"end":{"line":70,"column":14}},"20":{"start":{"line":76,"column":8},"end":{"line":76,"column":14}},"21":{"start":{"line":82,"column":4},"end":{"line":84,"column":9}},"22":{"start":{"line":83,"column":8},"end":{"line":83,"column":15}},"23":{"start":{"line":85,"column":4},"end":{"line":194,"column":5}},"24":{"start":{"line":91,"column":8},"end":{"line":99,"column":10}},"25":{"start":{"line":98,"column":12},"end":{"line":98,"column":35}},"26":{"start":{"line":102,"column":8},"end":{"line":104,"column":63}},"27":{"start":{"line":105,"column":8},"end":{"line":105,"column":14}},"28":{"start":{"line":112,"column":8},"end":{"line":121,"column":10},"skip":true},"29":{"start":{"line":119,"column":12},"end":{"line":119,"column":55},"skip":true},"30":{"start":{"line":120,"column":12},"end":{"line":120,"column":48},"skip":true},"31":{"start":{"line":123,"column":8},"end":{"line":136,"column":10},"skip":true},"32":{"start":{"line":130,"column":12},"end":{"line":130,"column":76},"skip":true},"33":{"start":{"line":131,"column":12},"end":{"line":131,"column":73},"skip":true},"34":{"start":{"line":132,"column":12},"end":{"line":132,"column":74},"skip":true},"35":{"start":{"line":133,"column":12},"end":{"line":133,"column":79},"skip":true},"36":{"start":{"line":134,"column":12},"end":{"line":134,"column":25},"skip":true},"37":{"start":{"line":135,"column":12},"end":{"line":135,"column":45},"skip":true},"38":{"start":{"line":138,"column":8},"end":{"line":145,"column":14},"skip":true},"39":{"start":{"line":143,"column":16},"end":{"line":143,"column":29},"skip":true},"40":{"start":{"line":144,"column":16},"end":{"line":144,"column":55},"skip":true},"41":{"start":{"line":147,"column":8},"end":{"line":156,"column":10},"skip":true},"42":{"start":{"line":154,"column":12},"end":{"line":154,"column":25},"skip":true},"43":{"start":{"line":155,"column":12},"end":{"line":155,"column":45},"skip":true},"44":{"start":{"line":158,"column":8},"end":{"line":167,"column":10},"skip":true},"45":{"start":{"line":165,"column":12},"end":{"line":165,"column":25},"skip":true},"46":{"start":{"line":166,"column":12},"end":{"line":166,"column":48},"skip":true},"47":{"start":{"line":169,"column":8},"end":{"line":178,"column":10},"skip":true},"48":{"start":{"line":176,"column":12},"end":{"line":176,"column":25},"skip":true},"49":{"start":{"line":177,"column":12},"end":{"line":177,"column":46},"skip":true},"50":{"start":{"line":180,"column":8},"end":{"line":189,"column":10},"skip":true},"51":{"start":{"line":187,"column":12},"end":{"line":187,"column":94},"skip":true},"52":{"start":{"line":188,"column":12},"end":{"line":188,"column":48},"skip":true},"53":{"start":{"line":192,"column":8},"end":{"line":192,"column":35},"skip":true},"54":{"start":{"line":193,"column":8},"end":{"line":193,"column":14},"skip":true}},"branchMap":{"1":{"line":25,"type":"binary-expr","locations":[{"start":{"line":25,"column":23},"end":{"line":25,"column":62}},{"start":{"line":26,"column":20},"end":{"line":26,"column":70}},{"start":{"line":27,"column":20},"end":{"line":27,"column":71}},{"start":{"line":28,"column":20},"end":{"line":28,"column":29}}]},"2":{"line":30,"type":"binary-expr","locations":[{"start":{"line":30,"column":23},"end":{"line":30,"column":37}},{"start":{"line":31,"column":20},"end":{"line":31,"column":61}},{"start":{"line":32,"column":20},"end":{"line":32,"column":70}},{"start":{"line":33,"column":20},"end":{"line":33,"column":26}}]},"3":{"line":37,"type":"cond-expr","locations":[{"start":{"line":38,"column":14},"end":{"line":38,"column":20}},{"start":{"line":39,"column":14},"end":{"line":39,"column":20}}]},"4":{"line":40,"type":"switch","locations":[{"start":{"line":42,"column":8},"end":{"line":47,"column":18}},{"start":{"line":49,"column":8},"end":{"line":52,"column":18}}]},"5":{"line":44,"type":"binary-expr","locations":[{"start":{"line":44,"column":16},"end":{"line":44,"column":44}},{"start":{"line":44,"column":48},"end":{"line":44,"column":66}}]},"6":{"line":50,"type":"binary-expr","locations":[{"start":{"line":50,"column":21},"end":{"line":50,"column":49}},{"start":{"line":50,"column":53},"end":{"line":50,"column":72}}]},"7":{"line":64,"type":"switch","locations":[{"start":{"line":69,"column":4},"end":{"line":70,"column":14}},{"start":{"line":75,"column":4},"end":{"line":76,"column":14}}]},"8":{"line":85,"type":"switch","locations":[{"start":{"line":90,"column":4},"end":{"line":105,"column":14}},{"start":{"line":111,"column":4},"end":{"line":193,"column":14},"skip":true}]},"9":{"line":91,"type":"binary-expr","locations":[{"start":{"line":91,"column":42},"end":{"line":91,"column":73}},{"start":{"line":91,"column":77},"end":{"line":99,"column":9}}]},"10":{"line":102,"type":"binary-expr","locations":[{"start":{"line":102,"column":18},"end":{"line":102,"column":32}},{"start":{"line":103,"column":12},"end":{"line":103,"column":53}},{"start":{"line":104,"column":12},"end":{"line":104,"column":61}}]},"11":{"line":112,"type":"binary-expr","locations":[{"start":{"line":112,"column":45},"end":{"line":112,"column":79},"skip":true},{"start":{"line":112,"column":83},"end":{"line":121,"column":9},"skip":true}]},"12":{"line":123,"type":"binary-expr","locations":[{"start":{"line":123,"column":42},"end":{"line":123,"column":73},"skip":true},{"start":{"line":123,"column":77},"end":{"line":136,"column":9},"skip":true}]},"13":{"line":138,"type":"binary-expr","locations":[{"start":{"line":138,"column":48},"end":{"line":138,"column":85},"skip":true},{"start":{"line":139,"column":12},"end":{"line":145,"column":13},"skip":true}]},"14":{"line":147,"type":"binary-expr","locations":[{"start":{"line":147,"column":42},"end":{"line":147,"column":73},"skip":true},{"start":{"line":147,"column":77},"end":{"line":156,"column":9},"skip":true}]},"15":{"line":158,"type":"binary-expr","locations":[{"start":{"line":158,"column":45},"end":{"line":158,"column":79},"skip":true},{"start":{"line":158,"column":83},"end":{"line":167,"column":9},"skip":true}]},"16":{"line":169,"type":"binary-expr","locations":[{"start":{"line":169,"column":43},"end":{"line":169,"column":75},"skip":true},{"start":{"line":169,"column":79},"end":{"line":178,"column":9},"skip":true}]},"17":{"line":180,"type":"binary-expr","locations":[{"start":{"line":180,"column":41},"end":{"line":180,"column":71},"skip":true},{"start":{"line":180,"column":75},"end":{"line":189,"column":9},"skip":true}]}},"code":["/* istanbul instrument in package npmtest_wrtc */","/*jslint","    bitwise: true,","    browser: true,","    maxerr: 8,","    maxlen: 96,","    node: true,","    nomen: true,","    regexp: true,","    stupid: true","*/","(function () {","    'use strict';","    var local;","","","","    // run shared js-env code - pre-init","    (function () {","        // init local","        local = {};","        // init modeJs","        local.modeJs = (function () {","            try {","                return typeof navigator.userAgent === 'string' &&","                    typeof document.querySelector('body') === 'object' &&","                    typeof XMLHttpRequest.prototype.open === 'function' &&","                    'browser';","            } catch (errorCaughtBrowser) {","                return module.exports &&","                    typeof process.versions.node === 'string' &&","                    typeof require('http').createServer === 'function' &&","                    'node';","            }","        }());","        // init global","        local.global = local.modeJs === 'browser'","            ? window","            : global;","        switch (local.modeJs) {","        // re-init local from window.local","        case 'browser':","            local = local.global.utility2.objectSetDefault(","                local.global.utility2_rollup || local.global.local,","                local.global.utility2","            );","            break;","        // re-init local from example.js","        case 'node':","            local = (local.global.utility2_rollup || require('utility2'))","                .requireExampleJsFromReadme();","            break;","        }","        // export local","        local.global.local = local;","    }());","","","","    // run shared js-env code - function","    (function () {","        return;","    }());","    switch (local.modeJs) {","","","","    // run browser js-env code - function","    case 'browser':","        break;","","","","    // run node js-env code - function","    case 'node':","        break;","    }","","","","    // run shared js-env code - post-init","    (function () {","        return;","    }());","    switch (local.modeJs) {","","","","    // run browser js-env code - post-init","    case 'browser':","        local.testCase_browser_nullCase = local.testCase_browser_nullCase || function (","            options,","            onError","        ) {","        /*","         * this function will test browsers's null-case handling-behavior-behavior","         */","            onError(null, options);","        };","","        // run tests","        local.nop(local.modeTest &&","            document.querySelector('#testRunButton1') &&","            document.querySelector('#testRunButton1').click());","        break;","","","","    // run node js-env code - post-init","    /* istanbul ignore next */","    case 'node':","        local.testCase_buildApidoc_default = local.testCase_buildApidoc_default || function (","            options,","            onError","        ) {","        /*","         * this function will test buildApidoc's default handling-behavior-behavior","         */","            options = { modulePathList: module.paths };","            local.buildApidoc(options, onError);","        };","","        local.testCase_buildApp_default = local.testCase_buildApp_default || function (","            options,","            onError","        ) {","        /*","         * this function will test buildApp's default handling-behavior-behavior","         */","            local.testCase_buildReadme_default(options, local.onErrorThrow);","            local.testCase_buildLib_default(options, local.onErrorThrow);","            local.testCase_buildTest_default(options, local.onErrorThrow);","            local.testCase_buildCustomOrg_default(options, local.onErrorThrow);","            options = [];","            local.buildApp(options, onError);","        };","","        local.testCase_buildCustomOrg_default = local.testCase_buildCustomOrg_default ||","            function (options, onError) {","            /*","             * this function will test buildCustomOrg's default handling-behavior","             */","                options = {};","                local.buildCustomOrg(options, onError);","            };","","        local.testCase_buildLib_default = local.testCase_buildLib_default || function (","            options,","            onError","        ) {","        /*","         * this function will test buildLib's default handling-behavior","         */","            options = {};","            local.buildLib(options, onError);","        };","","        local.testCase_buildReadme_default = local.testCase_buildReadme_default || function (","            options,","            onError","        ) {","        /*","         * this function will test buildReadme's default handling-behavior-behavior","         */","            options = {};","            local.buildReadme(options, onError);","        };","","        local.testCase_buildTest_default = local.testCase_buildTest_default || function (","            options,","            onError","        ) {","        /*","         * this function will test buildTest's default handling-behavior","         */","            options = {};","            local.buildTest(options, onError);","        };","","        local.testCase_webpage_default = local.testCase_webpage_default || function (","            options,","            onError","        ) {","        /*","         * this function will test webpage's default handling-behavior","         */","            options = { modeCoverageMerge: true, url: local.serverLocalHost + '?modeTest=1' };","            local.browserTest(options, onError);","        };","","        // run test-server","        local.testRunServer(local);","        break;","    }","}());",""],"l":{"12":2,"14":2,"19":2,"21":2,"23":2,"24":2,"25":2,"30":1,"37":2,"40":2,"43":1,"47":1,"50":1,"52":1,"55":2,"61":2,"62":2,"64":2,"70":1,"76":1,"82":2,"83":2,"85":2,"91":1,"98":1,"102":1,"105":1,"112":1,"119":1,"120":1,"123":1,"130":1,"131":1,"132":1,"133":1,"134":1,"135":1,"138":1,"143":2,"144":2,"147":1,"154":2,"155":2,"158":1,"165":2,"166":2,"169":1,"176":2,"177":2,"180":1,"187":1,"188":1,"192":1,"193":1}},"/home/travis/build/npmtest/node-npmtest-wrtc/lib.npmtest_wrtc.js":{"path":"/home/travis/build/npmtest/node-npmtest-wrtc/lib.npmtest_wrtc.js","s":{"1":2,"2":2,"3":2,"4":2,"5":2,"6":2,"7":2,"8":1,"9":2,"10":2,"11":2,"12":2,"13":1,"14":1,"15":1,"16":1},"b":{"1":[2,1,1,1],"2":[1,1,1,1],"3":[1,1],"4":[2,2],"5":[1,1]},"f":{"1":2,"2":2,"3":2},"fnMap":{"1":{"name":"(anonymous_1)","line":12,"loc":{"start":{"line":12,"column":1},"end":{"line":12,"column":13}}},"2":{"name":"(anonymous_2)","line":19,"loc":{"start":{"line":19,"column":5},"end":{"line":19,"column":17}}},"3":{"name":"(anonymous_3)","line":23,"loc":{"start":{"line":23,"column":24},"end":{"line":23,"column":36}}}},"statementMap":{"1":{"start":{"line":12,"column":0},"end":{"line":53,"column":5}},"2":{"start":{"line":14,"column":4},"end":{"line":14,"column":14}},"3":{"start":{"line":19,"column":4},"end":{"line":52,"column":9}},"4":{"start":{"line":21,"column":8},"end":{"line":21,"column":19}},"5":{"start":{"line":23,"column":8},"end":{"line":35,"column":13}},"6":{"start":{"line":24,"column":12},"end":{"line":34,"column":13}},"7":{"start":{"line":25,"column":16},"end":{"line":28,"column":30}},"8":{"start":{"line":30,"column":16},"end":{"line":33,"column":27}},"9":{"start":{"line":37,"column":8},"end":{"line":39,"column":21}},"10":{"start":{"line":41,"column":8},"end":{"line":41,"column":54}},"11":{"start":{"line":43,"column":8},"end":{"line":43,"column":49}},"12":{"start":{"line":45,"column":8},"end":{"line":51,"column":9}},"13":{"start":{"line":46,"column":12},"end":{"line":46,"column":55}},"14":{"start":{"line":48,"column":12},"end":{"line":48,"column":35}},"15":{"start":{"line":49,"column":12},"end":{"line":49,"column":49}},"16":{"start":{"line":50,"column":12},"end":{"line":50,"column":43}}},"branchMap":{"1":{"line":25,"type":"binary-expr","locations":[{"start":{"line":25,"column":23},"end":{"line":25,"column":62}},{"start":{"line":26,"column":20},"end":{"line":26,"column":70}},{"start":{"line":27,"column":20},"end":{"line":27,"column":71}},{"start":{"line":28,"column":20},"end":{"line":28,"column":29}}]},"2":{"line":30,"type":"binary-expr","locations":[{"start":{"line":30,"column":23},"end":{"line":30,"column":37}},{"start":{"line":31,"column":20},"end":{"line":31,"column":61}},{"start":{"line":32,"column":20},"end":{"line":32,"column":70}},{"start":{"line":33,"column":20},"end":{"line":33,"column":26}}]},"3":{"line":37,"type":"cond-expr","locations":[{"start":{"line":38,"column":14},"end":{"line":38,"column":20}},{"start":{"line":39,"column":14},"end":{"line":39,"column":20}}]},"4":{"line":41,"type":"binary-expr","locations":[{"start":{"line":41,"column":16},"end":{"line":41,"column":44}},{"start":{"line":41,"column":48},"end":{"line":41,"column":53}}]},"5":{"line":45,"type":"if","locations":[{"start":{"line":45,"column":8},"end":{"line":45,"column":8}},{"start":{"line":45,"column":8},"end":{"line":45,"column":8}}]}},"code":["/* istanbul instrument in package npmtest_wrtc */","/*jslint","    bitwise: true,","    browser: true,","    maxerr: 8,","    maxlen: 96,","    node: true,","    nomen: true,","    regexp: true,","    stupid: true","*/","(function () {","    'use strict';","    var local;","","","","    // run shared js-env code - pre-init","    (function () {","        // init local","        local = {};","        // init modeJs","        local.modeJs = (function () {","            try {","                return typeof navigator.userAgent === 'string' &&","                    typeof document.querySelector('body') === 'object' &&","                    typeof XMLHttpRequest.prototype.open === 'function' &&","                    'browser';","            } catch (errorCaughtBrowser) {","                return module.exports &&","                    typeof process.versions.node === 'string' &&","                    typeof require('http').createServer === 'function' &&","                    'node';","            }","        }());","        // init global","        local.global = local.modeJs === 'browser'","            ? window","            : global;","        // init utility2_rollup","        local = local.global.utility2_rollup || local;","        // init lib","        local.local = local.npmtest_wrtc = local;","        // init exports","        if (local.modeJs === 'browser') {","            local.global.utility2_npmtest_wrtc = local;","        } else {","            module.exports = local;","            module.exports.__dirname = __dirname;","            module.exports.module = module;","        }","    }());","}());",""],"l":{"12":2,"14":2,"19":2,"21":2,"23":2,"24":2,"25":2,"30":1,"37":2,"41":2,"43":2,"45":2,"46":1,"48":1,"49":1,"50":1}},"/home/travis/build/npmtest/node-npmtest-wrtc/example.js":{"path":"/home/travis/build/npmtest/node-npmtest-wrtc/example.js","s":{"1":2,"2":2,"3":2,"4":2,"5":2,"6":2,"7":2,"8":1,"9":2,"10":2,"11":2,"12":2,"13":1,"14":2,"15":2,"16":2,"17":2,"18":2,"19":0,"20":2,"21":1,"22":1,"23":1,"24":1,"25":1,"26":0,"27":0,"28":1,"29":1,"30":2,"31":0,"32":0,"33":0,"34":1,"35":2,"36":2,"37":3,"38":3,"39":3,"40":3,"41":0,"42":3,"43":3,"44":3,"45":1,"46":3,"47":1,"48":1,"49":1,"50":1,"51":1,"52":1,"53":1,"54":1,"55":1,"56":1,"57":0,"58":1,"59":6,"60":6,"61":1,"62":2,"63":0,"64":2,"65":1,"66":1,"67":0,"68":0,"69":0,"70":0,"71":0,"72":0,"73":0,"74":0,"75":0,"76":0,"77":0,"78":0,"79":0,"80":0,"81":0,"82":0,"83":0},"b":{"1":[2,1,1,1],"2":[1,1,1,1],"3":[1,1],"4":[2,2],"5":[1,1],"6":[1,1],"7":[2,0],"8":[2,1,1,1,1,1],"9":[0,2,0],"10":[1,1],"11":[2,1,1],"12":[1,0],"13":[0,2],"14":[2,0,0,0,0,0,0],"15":[0,3],"16":[3,0],"17":[1,1],"18":[0,1],"19":[1,2,0,2],"20":[1,0],"21":[1,1],"22":[0,0],"23":[0,0],"24":[0,0],"25":[0,0],"26":[0,0],"27":[0,0],"28":[0,0]},"f":{"1":2,"2":2,"3":2,"4":2,"5":2,"6":2,"7":3,"8":3,"9":3,"10":1,"11":6,"12":0},"fnMap":{"1":{"name":"(anonymous_1)","line":26,"loc":{"start":{"line":26,"column":1},"end":{"line":26,"column":13}}},"2":{"name":"(anonymous_2)","line":33,"loc":{"start":{"line":33,"column":5},"end":{"line":33,"column":17}}},"3":{"name":"(anonymous_3)","line":37,"loc":{"start":{"line":37,"column":24},"end":{"line":37,"column":36}}},"4":{"name":"(anonymous_4)","line":69,"loc":{"start":{"line":69,"column":31},"end":{"line":69,"column":48}},"skip":true},"5":{"name":"(anonymous_5)","line":78,"loc":{"start":{"line":78,"column":26},"end":{"line":78,"column":45}},"skip":true},"6":{"name":"(anonymous_6)","line":123,"loc":{"start":{"line":123,"column":33},"end":{"line":123,"column":48}},"skip":true},"7":{"name":"(anonymous_7)","line":125,"loc":{"start":{"line":125,"column":27},"end":{"line":125,"column":39}},"skip":true},"8":{"name":"(anonymous_8)","line":133,"loc":{"start":{"line":133,"column":59},"end":{"line":133,"column":74}},"skip":true},"9":{"name":"(anonymous_9)","line":143,"loc":{"start":{"line":143,"column":45},"end":{"line":143,"column":62}},"skip":true},"10":{"name":"(anonymous_10)","line":144,"loc":{"start":{"line":144,"column":73},"end":{"line":144,"column":92}},"skip":true},"11":{"name":"(anonymous_11)","line":272,"loc":{"start":{"line":272,"column":51},"end":{"line":272,"column":77}},"skip":true},"12":{"name":"(anonymous_12)","line":315,"loc":{"start":{"line":315,"column":32},"end":{"line":315,"column":61}},"skip":true}},"statementMap":{"1":{"start":{"line":26,"column":0},"end":{"line":326,"column":5}},"2":{"start":{"line":28,"column":4},"end":{"line":28,"column":14}},"3":{"start":{"line":33,"column":4},"end":{"line":60,"column":9}},"4":{"start":{"line":35,"column":8},"end":{"line":35,"column":19}},"5":{"start":{"line":37,"column":8},"end":{"line":49,"column":13}},"6":{"start":{"line":38,"column":12},"end":{"line":48,"column":13}},"7":{"start":{"line":39,"column":16},"end":{"line":42,"column":30}},"8":{"start":{"line":44,"column":16},"end":{"line":47,"column":27}},"9":{"start":{"line":51,"column":8},"end":{"line":53,"column":21}},"10":{"start":{"line":55,"column":8},"end":{"line":57,"column":45}},"11":{"start":{"line":59,"column":8},"end":{"line":59,"column":35}},"12":{"start":{"line":61,"column":4},"end":{"line":325,"column":5}},"13":{"start":{"line":69,"column":8},"end":{"line":121,"column":10},"skip":true},"14":{"start":{"line":70,"column":12},"end":{"line":88,"column":13},"skip":true},"15":{"start":{"line":76,"column":16},"end":{"line":87,"column":19},"skip":true},"16":{"start":{"line":79,"column":20},"end":{"line":86,"column":21},"skip":true},"17":{"start":{"line":82,"column":24},"end":{"line":82,"column":43},"skip":true},"18":{"start":{"line":83,"column":24},"end":{"line":83,"column":30},"skip":true},"19":{"start":{"line":85,"column":24},"end":{"line":85,"column":49},"skip":true},"20":{"start":{"line":89,"column":12},"end":{"line":107,"column":13},"skip":true},"21":{"start":{"line":92,"column":16},"end":{"line":102,"column":17},"skip":true},"22":{"start":{"line":93,"column":20},"end":{"line":93,"column":86},"skip":true},"23":{"start":{"line":94,"column":20},"end":{"line":95,"column":45},"skip":true},"24":{"start":{"line":96,"column":20},"end":{"line":96,"column":42},"skip":true},"25":{"start":{"line":97,"column":20},"end":{"line":97,"column":48},"skip":true},"26":{"start":{"line":100,"column":20},"end":{"line":100,"column":85},"skip":true},"27":{"start":{"line":101,"column":20},"end":{"line":101,"column":96},"skip":true},"28":{"start":{"line":103,"column":16},"end":{"line":103,"column":22},"skip":true},"29":{"start":{"line":106,"column":16},"end":{"line":106,"column":22},"skip":true},"30":{"start":{"line":108,"column":12},"end":{"line":120,"column":13},"skip":true},"31":{"start":{"line":114,"column":16},"end":{"line":119,"column":17},"skip":true},"32":{"start":{"line":116,"column":20},"end":{"line":116,"column":78},"skip":true},"33":{"start":{"line":118,"column":20},"end":{"line":118,"column":47},"skip":true},"34":{"start":{"line":123,"column":8},"end":{"line":141,"column":11},"skip":true},"35":{"start":{"line":124,"column":12},"end":{"line":124,"column":54},"skip":true},"36":{"start":{"line":125,"column":12},"end":{"line":140,"column":14},"skip":true},"37":{"start":{"line":126,"column":16},"end":{"line":126,"column":28},"skip":true},"38":{"start":{"line":127,"column":16},"end":{"line":127,"column":69},"skip":true},"39":{"start":{"line":128,"column":16},"end":{"line":128,"column":75},"skip":true},"40":{"start":{"line":129,"column":16},"end":{"line":131,"column":17},"skip":true},"41":{"start":{"line":130,"column":20},"end":{"line":130,"column":27},"skip":true},"42":{"start":{"line":133,"column":16},"end":{"line":137,"column":36},"skip":true},"43":{"start":{"line":134,"column":20},"end":{"line":136,"column":55},"skip":true},"44":{"start":{"line":139,"column":16},"end":{"line":139,"column":57},"skip":true},"45":{"start":{"line":143,"column":8},"end":{"line":147,"column":11},"skip":true},"46":{"start":{"line":144,"column":12},"end":{"line":146,"column":15},"skip":true},"47":{"start":{"line":145,"column":16},"end":{"line":145,"column":70},"skip":true},"48":{"start":{"line":149,"column":8},"end":{"line":149,"column":31},"skip":true},"49":{"start":{"line":150,"column":8},"end":{"line":150,"column":14},"skip":true},"50":{"start":{"line":158,"column":8},"end":{"line":158,"column":31},"skip":true},"51":{"start":{"line":160,"column":8},"end":{"line":160,"column":33},"skip":true},"52":{"start":{"line":161,"column":8},"end":{"line":161,"column":37},"skip":true},"53":{"start":{"line":162,"column":8},"end":{"line":162,"column":35},"skip":true},"54":{"start":{"line":164,"column":8},"end":{"line":164,"column":50},"skip":true},"55":{"start":{"line":166,"column":8},"end":{"line":256,"column":2},"skip":true},"56":{"start":{"line":258,"column":8},"end":{"line":286,"column":9},"skip":true},"57":{"start":{"line":259,"column":12},"end":{"line":269,"column":14},"skip":true},"58":{"start":{"line":271,"column":12},"end":{"line":285,"column":19},"skip":true},"59":{"start":{"line":274,"column":20},"end":{"line":274,"column":35},"skip":true},"60":{"start":{"line":275,"column":20},"end":{"line":284,"column":21},"skip":true},"61":{"start":{"line":277,"column":24},"end":{"line":277,"column":64},"skip":true},"62":{"start":{"line":279,"column":24},"end":{"line":279,"column":40},"skip":true},"63":{"start":{"line":281,"column":24},"end":{"line":281,"column":40},"skip":true},"64":{"start":{"line":283,"column":24},"end":{"line":283,"column":39},"skip":true},"65":{"start":{"line":288,"column":8},"end":{"line":290,"column":9},"skip":true},"66":{"start":{"line":289,"column":12},"end":{"line":289,"column":18},"skip":true},"67":{"start":{"line":291,"column":8},"end":{"line":293,"column":54},"skip":true},"68":{"start":{"line":296,"column":8},"end":{"line":301,"column":37},"skip":true},"69":{"start":{"line":303,"column":8},"end":{"line":303,"column":82},"skip":true},"70":{"start":{"line":306,"column":8},"end":{"line":308,"column":9},"skip":true},"71":{"start":{"line":307,"column":12},"end":{"line":307,"column":82},"skip":true},"72":{"start":{"line":310,"column":8},"end":{"line":312,"column":9},"skip":true},"73":{"start":{"line":311,"column":12},"end":{"line":311,"column":18},"skip":true},"74":{"start":{"line":313,"column":8},"end":{"line":313,"column":54},"skip":true},"75":{"start":{"line":314,"column":8},"end":{"line":314,"column":69},"skip":true},"76":{"start":{"line":315,"column":8},"end":{"line":323,"column":36},"skip":true},"77":{"start":{"line":316,"column":12},"end":{"line":316,"column":61},"skip":true},"78":{"start":{"line":317,"column":12},"end":{"line":320,"column":13},"skip":true},"79":{"start":{"line":318,"column":16},"end":{"line":318,"column":75},"skip":true},"80":{"start":{"line":319,"column":16},"end":{"line":319,"column":23},"skip":true},"81":{"start":{"line":321,"column":12},"end":{"line":321,"column":38},"skip":true},"82":{"start":{"line":322,"column":12},"end":{"line":322,"column":27},"skip":true},"83":{"start":{"line":324,"column":8},"end":{"line":324,"column":14},"skip":true}},"branchMap":{"1":{"line":39,"type":"binary-expr","locations":[{"start":{"line":39,"column":23},"end":{"line":39,"column":62}},{"start":{"line":40,"column":20},"end":{"line":40,"column":70}},{"start":{"line":41,"column":20},"end":{"line":41,"column":71}},{"start":{"line":42,"column":20},"end":{"line":42,"column":29}}]},"2":{"line":44,"type":"binary-expr","locations":[{"start":{"line":44,"column":23},"end":{"line":44,"column":37}},{"start":{"line":45,"column":20},"end":{"line":45,"column":61}},{"start":{"line":46,"column":20},"end":{"line":46,"column":70}},{"start":{"line":47,"column":20},"end":{"line":47,"column":26}}]},"3":{"line":51,"type":"cond-expr","locations":[{"start":{"line":52,"column":14},"end":{"line":52,"column":20}},{"start":{"line":53,"column":14},"end":{"line":53,"column":20}}]},"4":{"line":55,"type":"binary-expr","locations":[{"start":{"line":55,"column":16},"end":{"line":55,"column":44}},{"start":{"line":55,"column":49},"end":{"line":57,"column":43}}]},"5":{"line":55,"type":"cond-expr","locations":[{"start":{"line":56,"column":14},"end":{"line":56,"column":48}},{"start":{"line":57,"column":14},"end":{"line":57,"column":43}}]},"6":{"line":61,"type":"switch","locations":[{"start":{"line":68,"column":4},"end":{"line":150,"column":14},"skip":true},{"start":{"line":156,"column":4},"end":{"line":324,"column":14},"skip":true}]},"7":{"line":70,"type":"if","locations":[{"start":{"line":70,"column":12},"end":{"line":70,"column":12},"skip":true},{"start":{"line":70,"column":12},"end":{"line":70,"column":12},"skip":true}]},"8":{"line":70,"type":"binary-expr","locations":[{"start":{"line":70,"column":16},"end":{"line":70,"column":22},"skip":true},{"start":{"line":70,"column":27},"end":{"line":70,"column":32},"skip":true},{"start":{"line":71,"column":20},"end":{"line":71,"column":39},"skip":true},{"start":{"line":72,"column":20},"end":{"line":72,"column":49},"skip":true},{"start":{"line":73,"column":20},"end":{"line":73,"column":58},"skip":true},{"start":{"line":74,"column":20},"end":{"line":74,"column":69},"skip":true}]},"9":{"line":79,"type":"switch","locations":[{"start":{"line":80,"column":20},"end":{"line":80,"column":33},"skip":true},{"start":{"line":81,"column":20},"end":{"line":83,"column":30},"skip":true},{"start":{"line":84,"column":20},"end":{"line":85,"column":49},"skip":true}]},"10":{"line":89,"type":"switch","locations":[{"start":{"line":90,"column":12},"end":{"line":103,"column":22},"skip":true},{"start":{"line":105,"column":12},"end":{"line":106,"column":22},"skip":true}]},"11":{"line":89,"type":"binary-expr","locations":[{"start":{"line":89,"column":20},"end":{"line":89,"column":25},"skip":true},{"start":{"line":89,"column":29},"end":{"line":89,"column":48},"skip":true},{"start":{"line":89,"column":52},"end":{"line":89,"column":74},"skip":true}]},"12":{"line":92,"type":"if","locations":[{"start":{"line":92,"column":16},"end":{"line":92,"column":16},"skip":true},{"start":{"line":92,"column":16},"end":{"line":92,"column":16},"skip":true}]},"13":{"line":108,"type":"if","locations":[{"start":{"line":108,"column":12},"end":{"line":108,"column":12},"skip":true},{"start":{"line":108,"column":12},"end":{"line":108,"column":12},"skip":true}]},"14":{"line":108,"type":"binary-expr","locations":[{"start":{"line":108,"column":16},"end":{"line":108,"column":61},"skip":true},{"start":{"line":108,"column":66},"end":{"line":108,"column":72},"skip":true},{"start":{"line":108,"column":77},"end":{"line":108,"column":82},"skip":true},{"start":{"line":109,"column":20},"end":{"line":109,"column":39},"skip":true},{"start":{"line":110,"column":20},"end":{"line":110,"column":49},"skip":true},{"start":{"line":111,"column":20},"end":{"line":111,"column":58},"skip":true},{"start":{"line":112,"column":20},"end":{"line":112,"column":68},"skip":true}]},"15":{"line":129,"type":"if","locations":[{"start":{"line":129,"column":16},"end":{"line":129,"column":16},"skip":true},{"start":{"line":129,"column":16},"end":{"line":129,"column":16},"skip":true}]},"16":{"line":134,"type":"cond-expr","locations":[{"start":{"line":135,"column":26},"end":{"line":135,"column":29},"skip":true},{"start":{"line":136,"column":26},"end":{"line":136,"column":54},"skip":true}]},"17":{"line":164,"type":"binary-expr","locations":[{"start":{"line":164,"column":27},"end":{"line":164,"column":43},"skip":true},{"start":{"line":164,"column":47},"end":{"line":164,"column":49},"skip":true}]},"18":{"line":258,"type":"if","locations":[{"start":{"line":258,"column":8},"end":{"line":258,"column":8},"skip":true},{"start":{"line":258,"column":8},"end":{"line":258,"column":8},"skip":true}]},"19":{"line":275,"type":"switch","locations":[{"start":{"line":276,"column":20},"end":{"line":277,"column":64},"skip":true},{"start":{"line":278,"column":20},"end":{"line":279,"column":40},"skip":true},{"start":{"line":280,"column":20},"end":{"line":281,"column":40},"skip":true},{"start":{"line":282,"column":20},"end":{"line":283,"column":39},"skip":true}]},"20":{"line":288,"type":"if","locations":[{"start":{"line":288,"column":8},"end":{"line":288,"column":8},"skip":true},{"start":{"line":288,"column":8},"end":{"line":288,"column":8},"skip":true}]},"21":{"line":288,"type":"binary-expr","locations":[{"start":{"line":288,"column":12},"end":{"line":288,"column":40},"skip":true},{"start":{"line":288,"column":44},"end":{"line":288,"column":67},"skip":true}]},"22":{"line":292,"type":"binary-expr","locations":[{"start":{"line":292,"column":12},"end":{"line":292,"column":50},"skip":true},{"start":{"line":293,"column":12},"end":{"line":293,"column":53},"skip":true}]},"23":{"line":297,"type":"binary-expr","locations":[{"start":{"line":297,"column":12},"end":{"line":297,"column":62},"skip":true},{"start":{"line":298,"column":12},"end":{"line":301,"column":36},"skip":true}]},"24":{"line":303,"type":"binary-expr","locations":[{"start":{"line":303,"column":43},"end":{"line":303,"column":75},"skip":true},{"start":{"line":303,"column":79},"end":{"line":303,"column":81},"skip":true}]},"25":{"line":306,"type":"if","locations":[{"start":{"line":306,"column":8},"end":{"line":306,"column":8},"skip":true},{"start":{"line":306,"column":8},"end":{"line":306,"column":8},"skip":true}]},"26":{"line":310,"type":"if","locations":[{"start":{"line":310,"column":8},"end":{"line":310,"column":8},"skip":true},{"start":{"line":310,"column":8},"end":{"line":310,"column":8},"skip":true}]},"27":{"line":313,"type":"binary-expr","locations":[{"start":{"line":313,"column":27},"end":{"line":313,"column":43},"skip":true},{"start":{"line":313,"column":47},"end":{"line":313,"column":53},"skip":true}]},"28":{"line":317,"type":"if","locations":[{"start":{"line":317,"column":12},"end":{"line":317,"column":12},"skip":true},{"start":{"line":317,"column":12},"end":{"line":317,"column":12},"skip":true}]}},"code":["/*","example.js","","quickstart example","","instruction","    1. save this script as example.js","    2. run the shell command:","        $ npm install npmtest-wrtc && PORT=8081 node example.js","    3. play with the browser-demo on http://127.0.0.1:8081","*/","","","","/* istanbul instrument in package npmtest_wrtc */","/*jslint","    bitwise: true,","    browser: true,","    maxerr: 8,","    maxlen: 96,","    node: true,","    nomen: true,","    regexp: true,","    stupid: true","*/","(function () {","    'use strict';","    var local;","","","","    // run shared js-env code - pre-init","    (function () {","        // init local","        local = {};","        // init modeJs","        local.modeJs = (function () {","            try {","                return typeof navigator.userAgent === 'string' &&","                    typeof document.querySelector('body') === 'object' &&","                    typeof XMLHttpRequest.prototype.open === 'function' &&","                    'browser';","            } catch (errorCaughtBrowser) {","                return module.exports &&","                    typeof process.versions.node === 'string' &&","                    typeof require('http').createServer === 'function' &&","                    'node';","            }","        }());","        // init global","        local.global = local.modeJs === 'browser'","            ? window","            : global;","        // init utility2_rollup","        local = local.global.utility2_rollup || (local.modeJs === 'browser'","            ? local.global.utility2_npmtest_wrtc","            : global.utility2_moduleExports);","        // export local","        local.global.local = local;","    }());","    switch (local.modeJs) {","","","","    // post-init","    // run browser js-env code - post-init","    /* istanbul ignore next */","    case 'browser':","        local.testRunBrowser = function (event) {","            if (!event || (event &&","                    event.currentTarget &&","                    event.currentTarget.className &&","                    event.currentTarget.className.includes &&","                    event.currentTarget.className.includes('onreset'))) {","                // reset output","                Array.from(","                    document.querySelectorAll('body > .resettable')","                ).forEach(function (element) {","                    switch (element.tagName) {","                    case 'INPUT':","                    case 'TEXTAREA':","                        element.value = '';","                        break;","                    default:","                        element.textContent = '';","                    }","                });","            }","            switch (event && event.currentTarget && event.currentTarget.id) {","            case 'testRunButton1':","                // show tests","                if (document.querySelector('#testReportDiv1').style.display === 'none') {","                    document.querySelector('#testReportDiv1').style.display = 'block';","                    document.querySelector('#testRunButton1').textContent =","                        'hide internal test';","                    local.modeTest = true;","                    local.testRunDefault(local);","                // hide tests","                } else {","                    document.querySelector('#testReportDiv1').style.display = 'none';","                    document.querySelector('#testRunButton1').textContent = 'run internal test';","                }","                break;","            // custom-case","            default:","                break;","            }","            if (document.querySelector('#inputTextareaEval1') && (!event || (event &&","                    event.currentTarget &&","                    event.currentTarget.className &&","                    event.currentTarget.className.includes &&","                    event.currentTarget.className.includes('oneval')))) {","                // try to eval input-code","                try {","                    /*jslint evil: true*/","                    eval(document.querySelector('#inputTextareaEval1').value);","                } catch (errorCaught) {","                    console.error(errorCaught);","                }","            }","        };","        // log stderr and stdout to #outputTextareaStdout1","        ['error', 'log'].forEach(function (key) {","            console[key + '_original'] = console[key];","            console[key] = function () {","                var element;","                console[key + '_original'].apply(console, arguments);","                element = document.querySelector('#outputTextareaStdout1');","                if (!element) {","                    return;","                }","                // append text to #outputTextareaStdout1","                element.value += Array.from(arguments).map(function (arg) {","                    return typeof arg === 'string'","                        ? arg","                        : JSON.stringify(arg, null, 4);","                }).join(' ') + '\\n';","                // scroll textarea to bottom","                element.scrollTop = element.scrollHeight;","            };","        });","        // init event-handling","        ['change', 'click', 'keyup'].forEach(function (event) {","            Array.from(document.querySelectorAll('.on' + event)).forEach(function (element) {","                element.addEventListener(event, local.testRunBrowser);","            });","        });","        // run tests","        local.testRunBrowser();","        break;","","","","    // run node js-env code - post-init","    /* istanbul ignore next */","    case 'node':","        // export local","        module.exports = local;","        // require modules","        local.fs = require('fs');","        local.http = require('http');","        local.url = require('url');","        // init assets","        local.assetsDict = local.assetsDict || {};","        /* jslint-ignore-begin */","        local.assetsDict['/assets.index.template.html'] = '\\","<!doctype html>\\n\\","<html lang=\"en\">\\n\\","<head>\\n\\","<meta charset=\"UTF-8\">\\n\\","<meta name=\"viewport\" content=\"width=device-width, initial-scale=1\">\\n\\","<title>{{env.npm_package_name}} (v{{env.npm_package_version}})</title>\\n\\","<style>\\n\\","/*csslint\\n\\","    box-sizing: false,\\n\\","    universal-selector: false\\n\\","*/\\n\\","* {\\n\\","    box-sizing: border-box;\\n\\","}\\n\\","body {\\n\\","    background: #dde;\\n\\","    font-family: Arial, Helvetica, sans-serif;\\n\\","    margin: 2rem;\\n\\","}\\n\\","body > * {\\n\\","    margin-bottom: 1rem;\\n\\","}\\n\\",".utility2FooterDiv {\\n\\","    margin-top: 20px;\\n\\","    text-align: center;\\n\\","}\\n\\","</style>\\n\\","<style>\\n\\","/*csslint\\n\\","*/\\n\\","textarea {\\n\\","    font-family: monospace;\\n\\","    height: 10rem;\\n\\","    width: 100%;\\n\\","}\\n\\","textarea[readonly] {\\n\\","    background: #ddd;\\n\\","}\\n\\","</style>\\n\\","</head>\\n\\","<body>\\n\\","<!-- utility2-comment\\n\\","<div id=\"ajaxProgressDiv1\" style=\"background: #d00; height: 2px; left: 0; margin: 0; padding: 0; position: fixed; top: 0; transition: background 0.5s, width 1.5s; width: 25%;\"></div>\\n\\","utility2-comment -->\\n\\","<h1>\\n\\","<!-- utility2-comment\\n\\","    <a\\n\\","        {{#if env.npm_package_homepage}}\\n\\","        href=\"{{env.npm_package_homepage}}\"\\n\\","        {{/if env.npm_package_homepage}}\\n\\","        target=\"_blank\"\\n\\","    >\\n\\","utility2-comment -->\\n\\","        {{env.npm_package_name}} (v{{env.npm_package_version}})\\n\\","<!-- utility2-comment\\n\\","    </a>\\n\\","utility2-comment -->\\n\\","</h1>\\n\\","<h3>{{env.npm_package_description}}</h3>\\n\\","<!-- utility2-comment\\n\\","<h4><a download href=\"assets.app.js\">download standalone app</a></h4>\\n\\","<button class=\"onclick onreset\" id=\"testRunButton1\">run internal test</button><br>\\n\\","<div id=\"testReportDiv1\" style=\"display: none;\"></div>\\n\\","utility2-comment -->\\n\\","\\n\\","\\n\\","\\n\\","<label>stderr and stdout</label>\\n\\","<textarea class=\"resettable\" id=\"outputTextareaStdout1\" readonly></textarea>\\n\\","<!-- utility2-comment\\n\\","{{#if isRollup}}\\n\\","<script src=\"assets.app.js\"></script>\\n\\","{{#unless isRollup}}\\n\\","utility2-comment -->\\n\\","<script src=\"assets.utility2.rollup.js\"></script>\\n\\","<script src=\"jsonp.utility2._stateInit?callback=window.utility2._stateInit\"></script>\\n\\","<script src=\"assets.npmtest_wrtc.rollup.js\"></script>\\n\\","<script src=\"assets.example.js\"></script>\\n\\","<script src=\"assets.test.js\"></script>\\n\\","<!-- utility2-comment\\n\\","{{/if isRollup}}\\n\\","utility2-comment -->\\n\\","<div class=\"utility2FooterDiv\">\\n\\","    [ this app was created with\\n\\","    <a href=\"https://github.com/kaizhu256/node-utility2\" target=\"_blank\">utility2</a>\\n\\","    ]\\n\\","</div>\\n\\","</body>\\n\\","</html>\\n\\","';","        /* jslint-ignore-end */","        if (local.templateRender) {","            local.assetsDict['/'] = local.templateRender(","                local.assetsDict['/assets.index.template.html'],","                {","                    env: local.objectSetDefault(local.env, {","                        npm_package_description: 'the greatest app in the world!',","                        npm_package_name: 'my-app',","                        npm_package_nameAlias: 'my_app',","                        npm_package_version: '0.0.1'","                    })","                }","            );","        } else {","            local.assetsDict['/'] = local.assetsDict['/assets.index.template.html']","                .replace((/\\{\\{env\\.(\\w+?)\\}\\}/g), function (match0, match1) {","                    // jslint-hack","                    String(match0);","                    switch (match1) {","                    case 'npm_package_description':","                        return 'the greatest app in the world!';","                    case 'npm_package_name':","                        return 'my-app';","                    case 'npm_package_nameAlias':","                        return 'my_app';","                    case 'npm_package_version':","                        return '0.0.1';","                    }","                });","        }","        // run the cli","        if (local.global.utility2_rollup || module !== require.main) {","            break;","        }","        local.assetsDict['/assets.example.js'] =","            local.assetsDict['/assets.example.js'] ||","            local.fs.readFileSync(__filename, 'utf8');","        // bug-workaround - long $npm_package_buildCustomOrg","        /* jslint-ignore-begin */","        local.assetsDict['/assets.npmtest_wrtc.rollup.js'] =","            local.assetsDict['/assets.npmtest_wrtc.rollup.js'] ||","            local.fs.readFileSync(","                local.npmtest_wrtc.__dirname + '/lib.npmtest_wrtc.js',","                'utf8'","            ).replace((/^#!/), '//');","        /* jslint-ignore-end */","        local.assetsDict['/favicon.ico'] = local.assetsDict['/favicon.ico'] || '';","        // if $npm_config_timeout_exit exists,","        // then exit this process after $npm_config_timeout_exit ms","        if (Number(process.env.npm_config_timeout_exit)) {","            setTimeout(process.exit, Number(process.env.npm_config_timeout_exit));","        }","        // start server","        if (local.global.utility2_serverHttp1) {","            break;","        }","        process.env.PORT = process.env.PORT || '8081';","        console.error('server starting on port ' + process.env.PORT);","        local.http.createServer(function (request, response) {","            request.urlParsed = local.url.parse(request.url);","            if (local.assetsDict[request.urlParsed.pathname] !== undefined) {","                response.end(local.assetsDict[request.urlParsed.pathname]);","                return;","            }","            response.statusCode = 404;","            response.end();","        }).listen(process.env.PORT);","        break;","    }","}());",""],"l":{"26":2,"28":2,"33":2,"35":2,"37":2,"38":2,"39":2,"44":1,"51":2,"55":2,"59":2,"61":2,"69":1,"70":2,"76":2,"79":2,"82":2,"83":2,"85":1,"89":2,"92":1,"93":1,"94":1,"96":1,"97":1,"100":1,"101":1,"103":1,"106":1,"108":2,"114":1,"116":1,"118":1,"123":1,"124":2,"125":2,"126":3,"127":3,"128":3,"129":3,"130":1,"133":3,"134":3,"139":3,"143":1,"144":3,"145":1,"149":1,"150":1,"158":1,"160":1,"161":1,"162":1,"164":1,"166":1,"258":1,"259":1,"271":1,"274":6,"275":6,"277":1,"279":2,"281":1,"283":2,"288":1,"289":1,"291":1,"296":1,"303":1,"306":1,"307":1,"310":1,"311":1,"313":1,"314":1,"315":1,"316":1,"317":1,"318":1,"319":1,"321":1,"322":1,"324":1}},"/home/travis/build/npmtest/node-npmtest-wrtc/node_modules/wrtc/lib/index.js":{"path":"/home/travis/build/npmtest/node-npmtest-wrtc/node_modules/wrtc/lib/index.js","s":{"1":1,"2":1,"3":1},"b":{},"f":{},"fnMap":{},"statementMap":{"1":{"start":{"line":1,"column":0},"end":{"line":1,"column":58}},"2":{"start":{"line":2,"column":0},"end":{"line":2,"column":60}},"3":{"start":{"line":3,"column":0},"end":{"line":3,"column":64}}},"branchMap":{},"code":["exports.RTCIceCandidate       = require('./icecandidate');","exports.RTCPeerConnection     = require('./peerconnection');","exports.RTCSessionDescription = require('./sessiondescription');"],"l":{"1":1,"2":1,"3":1}},"/home/travis/build/npmtest/node-npmtest-wrtc/node_modules/wrtc/lib/icecandidate.js":{"path":"/home/travis/build/npmtest/node-npmtest-wrtc/node_modules/wrtc/lib/icecandidate.js","s":{"1":1,"2":0,"3":0,"4":0,"5":0,"6":1},"b":{"1":[0,0]},"f":{"1":0},"fnMap":{"1":{"name":"RTCIceCandidate","line":1,"loc":{"start":{"line":1,"column":0},"end":{"line":1,"column":44}}}},"statementMap":{"1":{"start":{"line":1,"column":0},"end":{"line":8,"column":1}},"2":{"start":{"line":3,"column":2},"end":{"line":7,"column":3}},"3":{"start":{"line":4,"column":4},"end":{"line":4,"column":53}},"4":{"start":{"line":5,"column":4},"end":{"line":5,"column":50}},"5":{"start":{"line":6,"column":4},"end":{"line":6,"column":57}},"6":{"start":{"line":10,"column":0},"end":{"line":10,"column":33}}},"branchMap":{"1":{"line":3,"type":"if","locations":[{"start":{"line":3,"column":2},"end":{"line":3,"column":2}},{"start":{"line":3,"column":2},"end":{"line":3,"column":2}}]}},"code":["function RTCIceCandidate(candidateInitDict) {","  'use strict';","  if(candidateInitDict) {","    this.candidate     = candidateInitDict.candidate;","    this.sdpMid        = candidateInitDict.sdpMid;","    this.sdpMLineIndex = candidateInitDict.sdpMLineIndex;","  }","}","","module.exports = RTCIceCandidate;",""],"l":{"1":1,"3":0,"4":0,"5":0,"6":0,"10":1}},"/home/travis/build/npmtest/node-npmtest-wrtc/node_modules/wrtc/lib/peerconnection.js":{"path":"/home/travis/build/npmtest/node-npmtest-wrtc/node_modules/wrtc/lib/peerconnection.js","s":{"1":1,"2":1,"3":1,"4":1,"5":1,"6":1,"7":1,"8":1,"9":1,"10":1,"11":1,"12":1,"13":1,"14":1,"15":0,"16":0,"17":1,"18":1,"19":0,"20":0,"21":0,"22":0,"23":0,"24":0,"25":0,"26":1,"27":0,"28":0,"29":0,"30":0,"31":0,"32":0,"33":1,"34":0,"35":0,"36":0,"37":0,"38":0,"39":0,"40":0,"41":0,"42":0,"43":0,"44":0,"45":0,"46":0,"47":0,"48":0,"49":0,"50":0,"51":0,"52":0,"53":0,"54":0,"55":0,"56":0,"57":0,"58":0,"59":0,"60":0,"61":0,"62":0,"63":0,"64":0,"65":0,"66":0,"67":0,"68":0,"69":0,"70":0,"71":0,"72":0,"73":0,"74":0,"75":0,"76":0,"77":0,"78":0,"79":0,"80":0,"81":0,"82":0,"83":0,"84":0,"85":0,"86":0,"87":0,"88":0,"89":0,"90":0,"91":0,"92":0,"93":0,"94":0,"95":0,"96":0,"97":0,"98":0,"99":0,"100":0,"101":0,"102":0,"103":0,"104":0,"105":0,"106":0,"107":0,"108":0,"109":0,"110":0,"111":0,"112":0,"113":0,"114":0,"115":0,"116":0,"117":0,"118":0,"119":0,"120":0,"121":0,"122":0,"123":0,"124":0,"125":0,"126":0,"127":0,"128":0,"129":0,"130":0,"131":0,"132":0,"133":0,"134":0,"135":0,"136":0,"137":0,"138":0,"139":0,"140":0,"141":0,"142":0,"143":0,"144":0,"145":0,"146":0,"147":0,"148":0,"149":0,"150":0,"151":0,"152":0,"153":0,"154":1,"155":1,"156":1,"157":1},"b":{"1":[0,0],"2":[0,0],"3":[0,0],"4":[0,0],"5":[0,0],"6":[0,0],"7":[0,0],"8":[0,0],"9":[0,0],"10":[0,0],"11":[0,0],"12":[0,0],"13":[0,0],"14":[0,0,0],"15":[0,0],"16":[0,0],"17":[0,0,0,0,0],"18":[0,0],"19":[0,0],"20":[0,0,0],"21":[0,0],"22":[0,0],"23":[0,0,0],"24":[0,0],"25":[0,0],"26":[0,0],"27":[0,0],"28":[0,0,0],"29":[0,0],"30":[0,0],"31":[0,0],"32":[0,0],"33":[0,0,0],"34":[0,0],"35":[0,0],"36":[0,0],"37":[0,0],"38":[0,0,0],"39":[0,0]},"f":{"1":0,"2":0,"3":0,"4":0,"5":0,"6":0,"7":0,"8":0,"9":0,"10":0,"11":0,"12":0,"13":0,"14":0,"15":0,"16":0,"17":0,"18":0,"19":0,"20":0,"21":0,"22":0,"23":0,"24":0,"25":0,"26":0,"27":0,"28":0,"29":0,"30":0,"31":0,"32":0,"33":0,"34":0,"35":0,"36":0,"37":0,"38":0,"39":0,"40":0},"fnMap":{"1":{"name":"RTCPeerConnection","line":18,"loc":{"start":{"line":18,"column":0},"end":{"line":18,"column":55}}},"2":{"name":"checkClosed","line":30,"loc":{"start":{"line":30,"column":2},"end":{"line":30,"column":25}}},"3":{"name":"executeNext","line":36,"loc":{"start":{"line":36,"column":2},"end":{"line":36,"column":25}}},"4":{"name":"queueOrRun","line":53,"loc":{"start":{"line":53,"column":2},"end":{"line":53,"column":27}}},"5":{"name":"runImmediately","line":67,"loc":{"start":{"line":67,"column":2},"end":{"line":67,"column":31}}},"6":{"name":"onerror","line":77,"loc":{"start":{"line":77,"column":15},"end":{"line":77,"column":34}}},"7":{"name":"onsuccess","line":85,"loc":{"start":{"line":85,"column":17},"end":{"line":85,"column":38}}},"8":{"name":"onicecandidate","line":93,"loc":{"start":{"line":93,"column":22},"end":{"line":93,"column":80}}},"9":{"name":"onsignalingstatechange","line":103,"loc":{"start":{"line":103,"column":30},"end":{"line":103,"column":69}}},"10":{"name":"(anonymous_10)","line":107,"loc":{"start":{"line":107,"column":40},"end":{"line":107,"column":56}}},"11":{"name":"oniceconnectionstatechange","line":117,"loc":{"start":{"line":117,"column":34},"end":{"line":117,"column":77}}},"12":{"name":"onicegatheringstatechange","line":121,"loc":{"start":{"line":121,"column":33},"end":{"line":121,"column":75}}},"13":{"name":"ondatachannel","line":132,"loc":{"start":{"line":132,"column":21},"end":{"line":132,"column":56}}},"14":{"name":"getLocalDescription","line":146,"loc":{"start":{"line":146,"column":11},"end":{"line":146,"column":42}}},"15":{"name":"getRemoteDescription","line":155,"loc":{"start":{"line":155,"column":11},"end":{"line":155,"column":43}}},"16":{"name":"getSignalingState","line":164,"loc":{"start":{"line":164,"column":11},"end":{"line":164,"column":40}}},"17":{"name":"getReadyState","line":170,"loc":{"start":{"line":170,"column":11},"end":{"line":170,"column":36}}},"18":{"name":"getIceGatheringState","line":175,"loc":{"start":{"line":175,"column":11},"end":{"line":175,"column":43}}},"19":{"name":"getIceConnectionState","line":181,"loc":{"start":{"line":181,"column":11},"end":{"line":181,"column":44}}},"20":{"name":"createOffer","line":188,"loc":{"start":{"line":188,"column":21},"end":{"line":188,"column":43}}},"21":{"name":"call","line":189,"loc":{"start":{"line":189,"column":15},"end":{"line":189,"column":72}}},"22":{"name":"(anonymous_22)","line":194,"loc":{"start":{"line":194,"column":19},"end":{"line":194,"column":33}}},"23":{"name":"createOfferPromise","line":204,"loc":{"start":{"line":204,"column":25},"end":{"line":204,"column":70}}},"24":{"name":"createAnswer","line":220,"loc":{"start":{"line":220,"column":22},"end":{"line":220,"column":45}}},"25":{"name":"call","line":221,"loc":{"start":{"line":221,"column":15},"end":{"line":221,"column":72}}},"26":{"name":"(anonymous_26)","line":226,"loc":{"start":{"line":226,"column":19},"end":{"line":226,"column":33}}},"27":{"name":"createAnswerPromise","line":236,"loc":{"start":{"line":236,"column":25},"end":{"line":236,"column":71}}},"28":{"name":"setLocalDescription","line":250,"loc":{"start":{"line":250,"column":29},"end":{"line":250,"column":59}}},"29":{"name":"call","line":251,"loc":{"start":{"line":251,"column":15},"end":{"line":251,"column":76}}},"30":{"name":"setLocalDescriptionPromise","line":271,"loc":{"start":{"line":271,"column":27},"end":{"line":271,"column":80}}},"31":{"name":"setRemoteDescription","line":288,"loc":{"start":{"line":288,"column":30},"end":{"line":288,"column":61}}},"32":{"name":"call","line":289,"loc":{"start":{"line":289,"column":15},"end":{"line":289,"column":76}}},"33":{"name":"setRemoteDescriptionPromise","line":309,"loc":{"start":{"line":309,"column":27},"end":{"line":309,"column":81}}},"34":{"name":"addIceCandidate","line":326,"loc":{"start":{"line":326,"column":25},"end":{"line":326,"column":51}}},"35":{"name":"call","line":327,"loc":{"start":{"line":327,"column":15},"end":{"line":327,"column":74}}},"36":{"name":"addIceCandidatePromise","line":348,"loc":{"start":{"line":348,"column":27},"end":{"line":348,"column":76}}},"37":{"name":"createDataChannel","line":365,"loc":{"start":{"line":365,"column":27},"end":{"line":365,"column":78}}},"38":{"name":"getStats","line":377,"loc":{"start":{"line":377,"column":18},"end":{"line":377,"column":58}}},"39":{"name":"(anonymous_39)","line":378,"loc":{"start":{"line":378,"column":16},"end":{"line":378,"column":51}}},"40":{"name":"close","line":383,"loc":{"start":{"line":383,"column":15},"end":{"line":383,"column":32}}}},"statementMap":{"1":{"start":{"line":1,"column":0},"end":{"line":1,"column":27}},"2":{"start":{"line":2,"column":0},"end":{"line":2,"column":37}},"3":{"start":{"line":3,"column":0},"end":{"line":3,"column":27}},"4":{"start":{"line":5,"column":0},"end":{"line":5,"column":85}},"5":{"start":{"line":6,"column":0},"end":{"line":6,"column":36}},"6":{"start":{"line":8,"column":0},"end":{"line":8,"column":43}},"7":{"start":{"line":10,"column":0},"end":{"line":10,"column":57}},"8":{"start":{"line":11,"column":0},"end":{"line":11,"column":62}},"9":{"start":{"line":12,"column":0},"end":{"line":12,"column":51}},"10":{"start":{"line":13,"column":0},"end":{"line":13,"column":58}},"11":{"start":{"line":14,"column":0},"end":{"line":14,"column":71}},"12":{"start":{"line":15,"column":0},"end":{"line":15,"column":64}},"13":{"start":{"line":16,"column":0},"end":{"line":16,"column":62}},"14":{"start":{"line":18,"column":0},"end":{"line":389,"column":1}},"15":{"start":{"line":20,"column":2},"end":{"line":26,"column":24}},"16":{"start":{"line":28,"column":2},"end":{"line":28,"column":25}},"17":{"start":{"line":30,"column":2},"end":{"line":34,"column":3}},"18":{"start":{"line":36,"column":2},"end":{"line":51,"column":3}},"19":{"start":{"line":37,"column":4},"end":{"line":50,"column":5}},"20":{"start":{"line":38,"column":6},"end":{"line":38,"column":30}},"21":{"start":{"line":40,"column":6},"end":{"line":40,"column":39}},"22":{"start":{"line":42,"column":6},"end":{"line":47,"column":7}},"23":{"start":{"line":44,"column":8},"end":{"line":44,"column":22}},"24":{"start":{"line":46,"column":8},"end":{"line":46,"column":22}},"25":{"start":{"line":49,"column":6},"end":{"line":49,"column":21}},"26":{"start":{"line":53,"column":2},"end":{"line":65,"column":3}},"27":{"start":{"line":54,"column":4},"end":{"line":54,"column":18}},"28":{"start":{"line":56,"column":4},"end":{"line":64,"column":5}},"29":{"start":{"line":57,"column":6},"end":{"line":57,"column":39}},"30":{"start":{"line":59,"column":6},"end":{"line":61,"column":7}},"31":{"start":{"line":60,"column":8},"end":{"line":60,"column":22}},"32":{"start":{"line":63,"column":6},"end":{"line":63,"column":22}},"33":{"start":{"line":67,"column":2},"end":{"line":71,"column":3}},"34":{"start":{"line":68,"column":4},"end":{"line":68,"column":18}},"35":{"start":{"line":70,"column":4},"end":{"line":70,"column":44}},"36":{"start":{"line":77,"column":2},"end":{"line":83,"column":4}},"37":{"start":{"line":78,"column":4},"end":{"line":80,"column":5}},"38":{"start":{"line":79,"column":6},"end":{"line":79,"column":45}},"39":{"start":{"line":82,"column":4},"end":{"line":82,"column":18}},"40":{"start":{"line":85,"column":2},"end":{"line":91,"column":4}},"41":{"start":{"line":86,"column":4},"end":{"line":88,"column":5}},"42":{"start":{"line":87,"column":6},"end":{"line":87,"column":47}},"43":{"start":{"line":90,"column":4},"end":{"line":90,"column":18}},"44":{"start":{"line":93,"column":2},"end":{"line":101,"column":4}},"45":{"start":{"line":94,"column":4},"end":{"line":98,"column":7}},"46":{"start":{"line":100,"column":4},"end":{"line":100,"column":97}},"47":{"start":{"line":103,"column":2},"end":{"line":115,"column":4}},"48":{"start":{"line":104,"column":4},"end":{"line":104,"column":53}},"49":{"start":{"line":106,"column":4},"end":{"line":112,"column":5}},"50":{"start":{"line":107,"column":6},"end":{"line":111,"column":9}},"51":{"start":{"line":108,"column":8},"end":{"line":108,"column":39}},"52":{"start":{"line":110,"column":8},"end":{"line":110,"column":35}},"53":{"start":{"line":114,"column":4},"end":{"line":114,"column":55}},"54":{"start":{"line":117,"column":2},"end":{"line":119,"column":4}},"55":{"start":{"line":118,"column":4},"end":{"line":118,"column":59}},"56":{"start":{"line":121,"column":2},"end":{"line":128,"column":4}},"57":{"start":{"line":122,"column":4},"end":{"line":122,"column":58}},"58":{"start":{"line":125,"column":4},"end":{"line":127,"column":5}},"59":{"start":{"line":126,"column":6},"end":{"line":126,"column":91}},"60":{"start":{"line":132,"column":2},"end":{"line":138,"column":4}},"61":{"start":{"line":133,"column":4},"end":{"line":133,"column":48}},"62":{"start":{"line":135,"column":4},"end":{"line":135,"column":44}},"63":{"start":{"line":137,"column":4},"end":{"line":137,"column":78}},"64":{"start":{"line":144,"column":2},"end":{"line":186,"column":5}},"65":{"start":{"line":147,"column":8},"end":{"line":147,"column":38}},"66":{"start":{"line":148,"column":8},"end":{"line":150,"column":9}},"67":{"start":{"line":149,"column":10},"end":{"line":149,"column":22}},"68":{"start":{"line":151,"column":8},"end":{"line":151,"column":72}},"69":{"start":{"line":156,"column":8},"end":{"line":156,"column":39}},"70":{"start":{"line":157,"column":8},"end":{"line":159,"column":9}},"71":{"start":{"line":158,"column":10},"end":{"line":158,"column":22}},"72":{"start":{"line":160,"column":8},"end":{"line":160,"column":73}},"73":{"start":{"line":165,"column":8},"end":{"line":165,"column":38}},"74":{"start":{"line":166,"column":8},"end":{"line":166,"column":46}},"75":{"start":{"line":171,"column":8},"end":{"line":171,"column":34}},"76":{"start":{"line":176,"column":8},"end":{"line":176,"column":41}},"77":{"start":{"line":177,"column":8},"end":{"line":177,"column":49}},"78":{"start":{"line":182,"column":8},"end":{"line":182,"column":42}},"79":{"start":{"line":183,"column":8},"end":{"line":183,"column":50}},"80":{"start":{"line":188,"column":2},"end":{"line":218,"column":4}},"81":{"start":{"line":189,"column":4},"end":{"line":199,"column":6}},"82":{"start":{"line":190,"column":6},"end":{"line":198,"column":9}},"83":{"start":{"line":195,"column":10},"end":{"line":195,"column":91}},"84":{"start":{"line":201,"column":4},"end":{"line":217,"column":5}},"85":{"start":{"line":203,"column":6},"end":{"line":203,"column":65}},"86":{"start":{"line":204,"column":6},"end":{"line":206,"column":9}},"87":{"start":{"line":205,"column":8},"end":{"line":205,"column":39}},"88":{"start":{"line":207,"column":11},"end":{"line":217,"column":5}},"89":{"start":{"line":212,"column":6},"end":{"line":212,"column":65}},"90":{"start":{"line":213,"column":6},"end":{"line":213,"column":48}},"91":{"start":{"line":215,"column":6},"end":{"line":216,"column":74}},"92":{"start":{"line":220,"column":2},"end":{"line":248,"column":4}},"93":{"start":{"line":221,"column":4},"end":{"line":231,"column":6}},"94":{"start":{"line":222,"column":6},"end":{"line":230,"column":9}},"95":{"start":{"line":227,"column":10},"end":{"line":227,"column":92}},"96":{"start":{"line":233,"column":4},"end":{"line":247,"column":5}},"97":{"start":{"line":235,"column":6},"end":{"line":235,"column":65}},"98":{"start":{"line":236,"column":6},"end":{"line":238,"column":9}},"99":{"start":{"line":237,"column":8},"end":{"line":237,"column":39}},"100":{"start":{"line":239,"column":11},"end":{"line":247,"column":5}},"101":{"start":{"line":243,"column":6},"end":{"line":243,"column":43}},"102":{"start":{"line":245,"column":6},"end":{"line":246,"column":60}},"103":{"start":{"line":250,"column":2},"end":{"line":286,"column":4}},"104":{"start":{"line":251,"column":4},"end":{"line":261,"column":6}},"105":{"start":{"line":252,"column":6},"end":{"line":252,"column":35}},"106":{"start":{"line":254,"column":6},"end":{"line":260,"column":9}},"107":{"start":{"line":263,"column":4},"end":{"line":264,"column":80}},"108":{"start":{"line":266,"column":4},"end":{"line":285,"column":5}},"109":{"start":{"line":267,"column":6},"end":{"line":267,"column":37}},"110":{"start":{"line":269,"column":6},"end":{"line":281,"column":7}},"111":{"start":{"line":271,"column":8},"end":{"line":273,"column":11}},"112":{"start":{"line":272,"column":10},"end":{"line":272,"column":45}},"113":{"start":{"line":274,"column":13},"end":{"line":281,"column":7}},"114":{"start":{"line":278,"column":8},"end":{"line":278,"column":54}},"115":{"start":{"line":280,"column":8},"end":{"line":280,"column":20}},"116":{"start":{"line":284,"column":6},"end":{"line":284,"column":18}},"117":{"start":{"line":288,"column":2},"end":{"line":324,"column":4}},"118":{"start":{"line":289,"column":4},"end":{"line":299,"column":6}},"119":{"start":{"line":290,"column":6},"end":{"line":290,"column":36}},"120":{"start":{"line":292,"column":6},"end":{"line":298,"column":9}},"121":{"start":{"line":301,"column":4},"end":{"line":302,"column":80}},"122":{"start":{"line":304,"column":4},"end":{"line":323,"column":5}},"123":{"start":{"line":305,"column":6},"end":{"line":305,"column":37}},"124":{"start":{"line":307,"column":6},"end":{"line":319,"column":7}},"125":{"start":{"line":309,"column":8},"end":{"line":311,"column":11}},"126":{"start":{"line":310,"column":10},"end":{"line":310,"column":45}},"127":{"start":{"line":312,"column":13},"end":{"line":319,"column":7}},"128":{"start":{"line":316,"column":8},"end":{"line":316,"column":54}},"129":{"start":{"line":318,"column":8},"end":{"line":318,"column":20}},"130":{"start":{"line":322,"column":6},"end":{"line":322,"column":18}},"131":{"start":{"line":326,"column":2},"end":{"line":363,"column":4}},"132":{"start":{"line":327,"column":4},"end":{"line":338,"column":6}},"133":{"start":{"line":328,"column":6},"end":{"line":337,"column":9}},"134":{"start":{"line":340,"column":4},"end":{"line":341,"column":76}},"135":{"start":{"line":343,"column":4},"end":{"line":362,"column":5}},"136":{"start":{"line":344,"column":6},"end":{"line":344,"column":35}},"137":{"start":{"line":346,"column":6},"end":{"line":358,"column":7}},"138":{"start":{"line":348,"column":8},"end":{"line":350,"column":11}},"139":{"start":{"line":349,"column":10},"end":{"line":349,"column":43}},"140":{"start":{"line":351,"column":13},"end":{"line":358,"column":7}},"141":{"start":{"line":355,"column":8},"end":{"line":355,"column":52}},"142":{"start":{"line":357,"column":8},"end":{"line":357,"column":20}},"143":{"start":{"line":361,"column":6},"end":{"line":361,"column":18}},"144":{"start":{"line":365,"column":2},"end":{"line":375,"column":4}},"145":{"start":{"line":366,"column":4},"end":{"line":366,"column":44}},"146":{"start":{"line":368,"column":4},"end":{"line":371,"column":7}},"147":{"start":{"line":373,"column":4},"end":{"line":373,"column":34}},"148":{"start":{"line":374,"column":4},"end":{"line":374,"column":39}},"149":{"start":{"line":377,"column":2},"end":{"line":381,"column":4}},"150":{"start":{"line":378,"column":4},"end":{"line":380,"column":18}},"151":{"start":{"line":379,"column":6},"end":{"line":379,"column":64}},"152":{"start":{"line":383,"column":2},"end":{"line":388,"column":4}},"153":{"start":{"line":384,"column":4},"end":{"line":387,"column":7}},"154":{"start":{"line":391,"column":0},"end":{"line":399,"column":2}},"155":{"start":{"line":401,"column":0},"end":{"line":405,"column":2}},"156":{"start":{"line":407,"column":0},"end":{"line":414,"column":2}},"157":{"start":{"line":417,"column":0},"end":{"line":417,"column":35}}},"branchMap":{"1":{"line":37,"type":"if","locations":[{"start":{"line":37,"column":4},"end":{"line":37,"column":4}},{"start":{"line":37,"column":4},"end":{"line":37,"column":4}}]},"2":{"line":42,"type":"if","locations":[{"start":{"line":42,"column":6},"end":{"line":42,"column":6}},{"start":{"line":42,"column":6},"end":{"line":42,"column":6}}]},"3":{"line":56,"type":"if","locations":[{"start":{"line":56,"column":4},"end":{"line":56,"column":4}},{"start":{"line":56,"column":4},"end":{"line":56,"column":4}}]},"4":{"line":59,"type":"if","locations":[{"start":{"line":59,"column":6},"end":{"line":59,"column":6}},{"start":{"line":59,"column":6},"end":{"line":59,"column":6}}]},"5":{"line":78,"type":"if","locations":[{"start":{"line":78,"column":4},"end":{"line":78,"column":4}},{"start":{"line":78,"column":4},"end":{"line":78,"column":4}}]},"6":{"line":78,"type":"binary-expr","locations":[{"start":{"line":78,"column":7},"end":{"line":78,"column":14}},{"start":{"line":78,"column":18},"end":{"line":78,"column":33}}]},"7":{"line":86,"type":"if","locations":[{"start":{"line":86,"column":4},"end":{"line":86,"column":4}},{"start":{"line":86,"column":4},"end":{"line":86,"column":4}}]},"8":{"line":86,"type":"binary-expr","locations":[{"start":{"line":86,"column":7},"end":{"line":86,"column":14}},{"start":{"line":86,"column":18},"end":{"line":86,"column":35}}]},"9":{"line":106,"type":"if","locations":[{"start":{"line":106,"column":4},"end":{"line":106,"column":4}},{"start":{"line":106,"column":4},"end":{"line":106,"column":4}}]},"10":{"line":125,"type":"if","locations":[{"start":{"line":125,"column":4},"end":{"line":125,"column":4}},{"start":{"line":125,"column":4},"end":{"line":125,"column":4}}]},"11":{"line":148,"type":"if","locations":[{"start":{"line":148,"column":8},"end":{"line":148,"column":8}},{"start":{"line":148,"column":8},"end":{"line":148,"column":8}}]},"12":{"line":157,"type":"if","locations":[{"start":{"line":157,"column":8},"end":{"line":157,"column":8}},{"start":{"line":157,"column":8},"end":{"line":157,"column":8}}]},"13":{"line":201,"type":"if","locations":[{"start":{"line":201,"column":4},"end":{"line":201,"column":4}},{"start":{"line":201,"column":4},"end":{"line":201,"column":4}}]},"14":{"line":201,"type":"binary-expr","locations":[{"start":{"line":201,"column":8},"end":{"line":201,"column":30}},{"start":{"line":201,"column":34},"end":{"line":201,"column":56}},{"start":{"line":201,"column":60},"end":{"line":201,"column":92}}]},"15":{"line":203,"type":"cond-expr","locations":[{"start":{"line":203,"column":47},"end":{"line":203,"column":59}},{"start":{"line":203,"column":62},"end":{"line":203,"column":64}}]},"16":{"line":207,"type":"if","locations":[{"start":{"line":207,"column":11},"end":{"line":207,"column":11}},{"start":{"line":207,"column":11},"end":{"line":207,"column":11}}]},"17":{"line":207,"type":"binary-expr","locations":[{"start":{"line":207,"column":15},"end":{"line":207,"column":36}},{"start":{"line":208,"column":11},"end":{"line":208,"column":45}},{"start":{"line":209,"column":11},"end":{"line":209,"column":45}},{"start":{"line":210,"column":12},"end":{"line":210,"column":34}},{"start":{"line":210,"column":38},"end":{"line":210,"column":70}}]},"18":{"line":212,"type":"cond-expr","locations":[{"start":{"line":212,"column":47},"end":{"line":212,"column":59}},{"start":{"line":212,"column":62},"end":{"line":212,"column":64}}]},"19":{"line":233,"type":"if","locations":[{"start":{"line":233,"column":4},"end":{"line":233,"column":4}},{"start":{"line":233,"column":4},"end":{"line":233,"column":4}}]},"20":{"line":233,"type":"binary-expr","locations":[{"start":{"line":233,"column":8},"end":{"line":233,"column":30}},{"start":{"line":233,"column":34},"end":{"line":233,"column":56}},{"start":{"line":233,"column":60},"end":{"line":233,"column":92}}]},"21":{"line":235,"type":"cond-expr","locations":[{"start":{"line":235,"column":47},"end":{"line":235,"column":59}},{"start":{"line":235,"column":62},"end":{"line":235,"column":64}}]},"22":{"line":239,"type":"if","locations":[{"start":{"line":239,"column":11},"end":{"line":239,"column":11}},{"start":{"line":239,"column":11},"end":{"line":239,"column":11}}]},"23":{"line":239,"type":"binary-expr","locations":[{"start":{"line":239,"column":15},"end":{"line":239,"column":36}},{"start":{"line":240,"column":11},"end":{"line":240,"column":45}},{"start":{"line":241,"column":11},"end":{"line":241,"column":45}}]},"24":{"line":266,"type":"if","locations":[{"start":{"line":266,"column":4},"end":{"line":266,"column":4}},{"start":{"line":266,"column":4},"end":{"line":266,"column":4}}]},"25":{"line":266,"type":"binary-expr","locations":[{"start":{"line":266,"column":8},"end":{"line":266,"column":29}},{"start":{"line":266,"column":33},"end":{"line":266,"column":65}}]},"26":{"line":269,"type":"if","locations":[{"start":{"line":269,"column":6},"end":{"line":269,"column":6}},{"start":{"line":269,"column":6},"end":{"line":269,"column":6}}]},"27":{"line":274,"type":"if","locations":[{"start":{"line":274,"column":13},"end":{"line":274,"column":13}},{"start":{"line":274,"column":13},"end":{"line":274,"column":13}}]},"28":{"line":274,"type":"binary-expr","locations":[{"start":{"line":274,"column":17},"end":{"line":274,"column":38}},{"start":{"line":275,"column":13},"end":{"line":275,"column":47}},{"start":{"line":276,"column":13},"end":{"line":276,"column":47}}]},"29":{"line":304,"type":"if","locations":[{"start":{"line":304,"column":4},"end":{"line":304,"column":4}},{"start":{"line":304,"column":4},"end":{"line":304,"column":4}}]},"30":{"line":304,"type":"binary-expr","locations":[{"start":{"line":304,"column":8},"end":{"line":304,"column":29}},{"start":{"line":304,"column":33},"end":{"line":304,"column":65}}]},"31":{"line":307,"type":"if","locations":[{"start":{"line":307,"column":6},"end":{"line":307,"column":6}},{"start":{"line":307,"column":6},"end":{"line":307,"column":6}}]},"32":{"line":312,"type":"if","locations":[{"start":{"line":312,"column":13},"end":{"line":312,"column":13}},{"start":{"line":312,"column":13},"end":{"line":312,"column":13}}]},"33":{"line":312,"type":"binary-expr","locations":[{"start":{"line":312,"column":17},"end":{"line":312,"column":38}},{"start":{"line":313,"column":13},"end":{"line":313,"column":47}},{"start":{"line":314,"column":13},"end":{"line":314,"column":47}}]},"34":{"line":343,"type":"if","locations":[{"start":{"line":343,"column":4},"end":{"line":343,"column":4}},{"start":{"line":343,"column":4},"end":{"line":343,"column":4}}]},"35":{"line":343,"type":"binary-expr","locations":[{"start":{"line":343,"column":8},"end":{"line":343,"column":29}},{"start":{"line":343,"column":33},"end":{"line":343,"column":65}}]},"36":{"line":346,"type":"if","locations":[{"start":{"line":346,"column":6},"end":{"line":346,"column":6}},{"start":{"line":346,"column":6},"end":{"line":346,"column":6}}]},"37":{"line":351,"type":"if","locations":[{"start":{"line":351,"column":13},"end":{"line":351,"column":13}},{"start":{"line":351,"column":13},"end":{"line":351,"column":13}}]},"38":{"line":351,"type":"binary-expr","locations":[{"start":{"line":351,"column":17},"end":{"line":351,"column":38}},{"start":{"line":352,"column":13},"end":{"line":352,"column":47}},{"start":{"line":353,"column":13},"end":{"line":353,"column":47}}]},"39":{"line":366,"type":"binary-expr","locations":[{"start":{"line":366,"column":22},"end":{"line":366,"column":37}},{"start":{"line":366,"column":41},"end":{"line":366,"column":43}}]}},"code":["var path = require('path');","var binary = require('node-pre-gyp');","var path = require('path');","//var binding_opts = require(path.resolve(path.join(__dirname, '../build/wrtc.json')));","var binding_path = binary.find(path.resolve(path.join(__dirname,'../package.json')));","var _webrtc = require(binding_path);","","var EventTarget = require('./eventtarget');","","var RTCDataChannel            = require('./datachannel');","var RTCDataChannelEvent       = require('./datachannelevent');","var RTCError                  = require('./error');","var RTCIceCandidate           = require('./icecandidate');","var RTCPeerConnectionIceEvent = require('./rtcpeerconnectioniceevent');","var RTCSessionDescription     = require('./sessiondescription');","var RTCStatsResponse          = require('./rtcstatsresponse');","","function RTCPeerConnection(configuration, constraints) {","  'use strict';","  var that = this","    , pc = new _webrtc.PeerConnection(configuration, constraints)","    , localType = null","    , remoteType = null","    , queue = []","    , pending = null","    , dataChannels = {};  // open data channels, indexed by label","","  EventTarget.call(this);","","  function checkClosed() {","//    if(this._closed) {","//      throw new Error('Peer is closed');","//    }","  }","","  function executeNext() {","    if(queue.length > 0) {","      var obj = queue.shift();","","      pc[obj.func].apply(pc, obj.args);","","      if(obj.wait)","      {","        pending = obj;","      } else {","        executeNext();","      }","    } else {","      pending = null;","    }","  }","","  function queueOrRun(obj) {","    checkClosed();","","    if(null === pending) {","      pc[obj.func].apply(pc, obj.args);","","      if(obj.wait) {","        pending = obj;","      }","    } else {","      queue.push(obj);","    }","  }","","  function runImmediately(obj) {","    checkClosed();","","    return pc[obj.func].apply(pc, obj.args);","  }","","  //","  // Attach events to the native PeerConnection object","  //","","  pc.onerror = function onerror() {","    if(pending && pending.onError) {","      pending.onError.apply(that, arguments);","    }","","    executeNext();","  };","","  pc.onsuccess = function onsuccess() {","    if(pending && pending.onSuccess) {","      pending.onSuccess.apply(that, arguments);","    }","","    executeNext();","  };","","  pc.onicecandidate = function onicecandidate(candidate, sdpMid, sdpMLineIndex) {","    var icecandidate = new RTCIceCandidate({","      candidate:     candidate,","      sdpMid:        sdpMid,","      sdpMLineIndex: sdpMLineIndex","    });","","    that.dispatchEvent(new RTCPeerConnectionIceEvent('icecandidate', {candidate: icecandidate}));","  };","","  pc.onsignalingstatechange = function onsignalingstatechange(state) {","    var stateString = that.RTCSignalingStates[state];","","    if('closed' === stateString) {","      Object.keys(dataChannels).forEach(function(label) {","        dataChannels[label].shutdown();","","        delete dataChannels[label];","      });","    }","
[...]
_SESSION_DESCRIPTION',","  'INCOMPATIBLE_CONSTRAINTS',","  'INTERNAL_ERROR'","];",""],"l":{"1":1,"3":0,"4":0,"7":1,"9":1}},"/home/travis/build/npmtest/node-npmtest-wrtc/node_modules/wrtc/lib/rtcpeerconnectioniceevent.js":{"path":"/home/travis/build/npmtest/node-npmtest-wrtc/node_modules/wrtc/lib/rtcpeerconnectioniceevent.js","s":{"1":1,"2":0,"3":1},"b":{},"f":{"1":0},"fnMap":{"1":{"name":"RTCPeerConnectionIceEvent","line":1,"loc":{"start":{"line":1,"column":0},"end":{"line":1,"column":56}}}},"statementMap":{"1":{"start":{"line":1,"column":0},"end":{"line":13,"column":1}},"2":{"start":{"line":3,"column":2},"end":{"line":12,"column":5}},"3":{"start":{"line":15,"column":0},"end":{"line":15,"column":43}}},"branchMap":{},"code":["function RTCPeerConnectionIceEvent(type, eventInitDict) {","  'use strict';","  Object.defineProperties(this, {","    'type': {","      value: type,","      enumerable: true","    },","    'candidate': {","      value: eventInitDict.candidate,","      enumerable: true","    }","  });","}","","module.exports = RTCPeerConnectionIceEvent;",""],"l":{"1":1,"3":0,"15":1}},"/home/travis/build/npmtest/node-npmtest-wrtc/node_modules/wrtc/lib/sessiondescription.js":{"path":"/home/travis/build/npmtest/node-npmtest-wrtc/node_modules/wrtc/lib/sessiondescription.js","s":{"1":1,"2":0,"3":0,"4":0,"5":1},"b":{"1":[0,0]},"f":{"1":0},"fnMap":{"1":{"name":"RTCSessionDescription","line":1,"loc":{"start":{"line":1,"column":0},"end":{"line":1,"column":52}}}},"statementMap":{"1":{"start":{"line":1,"column":0},"end":{"line":7,"column":1}},"2":{"start":{"line":3,"column":2},"end":{"line":6,"column":3}},"3":{"start":{"line":4,"column":4},"end":{"line":4,"column":41}},"4":{"start":{"line":5,"column":4},"end":{"line":5,"column":39}},"5":{"start":{"line":9,"column":0},"end":{"line":9,"column":39}}},"branchMap":{"1":{"line":3,"type":"if","locations":[{"start":{"line":3,"column":2},"end":{"line":3,"column":2}},{"start":{"line":3,"column":2},"end":{"line":3,"column":2}}]}},"code":["function RTCSessionDescription(descriptionInitDict) {","  'use strict';","  if(descriptionInitDict) {","    this.type = descriptionInitDict.type;","    this.sdp = descriptionInitDict.sdp;","  }","}","","module.exports = RTCSessionDescription;",""],"l":{"1":1,"3":0,"4":0,"5":0,"9":1}},"/home/travis/build/npmtest/node-npmtest-wrtc/node_modules/wrtc/lib/rtcstatsresponse.js":{"path":"/home/travis/build/npmtest/node-npmtest-wrtc/node_modules/wrtc/lib/rtcstatsresponse.js","s":{"1":1,"2":0,"3":0,"4":1},"b":{},"f":{"1":0,"2":0},"fnMap":{"1":{"name":"RTCStatsResponse","line":1,"loc":{"start":{"line":1,"column":0},"end":{"line":1,"column":52}}},"2":{"name":"result","line":4,"loc":{"start":{"line":4,"column":16},"end":{"line":4,"column":34}}}},"statementMap":{"1":{"start":{"line":1,"column":0},"end":{"line":7,"column":1}},"2":{"start":{"line":4,"column":2},"end":{"line":6,"column":4}},"3":{"start":{"line":5,"column":4},"end":{"line":5,"column":45}},"4":{"start":{"line":9,"column":0},"end":{"line":9,"column":34}}},"branchMap":{},"code":["function RTCStatsResponse(internalRTCStatsResponse) {","  'use strict';","","  this.result = function result() {","    return internalRTCStatsResponse.result();","  };","}","","module.exports = RTCStatsResponse;",""],"l":{"1":1,"4":0,"5":0,"9":1}},"/home/travis/build/npmtest/node-npmtest-wrtc/node_modules/wrtc/lib/browser.js":{"path":"/home/travis/build/npmtest/node-npmtest-wrtc/node_modules/wrtc/lib/browser.js","s":{"1":2,"2":0,"3":0,"4":0,"5":0,"6":0},"b":{"1":[2,0,0],"2":[0,0,0],"3":[0,0,0]},"f":{},"fnMap":{},"statementMap":{"1":{"start":{"line":1,"column":0},"end":{"line":1,"column":124}},"2":{"start":{"line":2,"column":0},"end":{"line":2,"column":126}},"3":{"start":{"line":3,"column":0},"end":{"line":3,"column":130}},"4":{"start":{"line":5,"column":0},"end":{"line":5,"column":48}},"5":{"start":{"line":6,"column":0},"end":{"line":6,"column":50}},"6":{"start":{"line":7,"column":0},"end":{"line":7,"column":54}}},"branchMap":{"1":{"line":1,"type":"binary-expr","locations":[{"start":{"line":1,"column":28},"end":{"line":1,"column":53}},{"start":{"line":1,"column":63},"end":{"line":1,"column":91}},{"start":{"line":1,"column":101},"end":{"line":1,"column":123}}]},"2":{"line":2,"type":"binary-expr","locations":[{"start":{"line":2,"column":28},"end":{"line":2,"column":55}},{"start":{"line":2,"column":63},"end":{"line":2,"column":93}},{"start":{"line":2,"column":101},"end":{"line":2,"column":125}}]},"3":{"line":3,"type":"binary-expr","locations":[{"start":{"line":3,"column":28},"end":{"line":3,"column":59}},{"start":{"line":3,"column":63},"end":{"line":3,"column":97}},{"start":{"line":3,"column":101},"end":{"line":3,"column":129}}]}},"code":["var RTCIceCandidate       = window.mozRTCIceCandidate       || window.webkitRTCIceCandidate       || window.RTCIceCandidate;","var RTCPeerConnection     = window.mozRTCPeerConnection     || window.webkitRTCPeerConnection     || window.RTCPeerConnection;","var RTCSessionDescription = window.mozRTCSessionDescription || window.webkitRTCSessionDescription || window.RTCSessionDescription;","","exports.RTCIceCandidate       = RTCIceCandidate;","exports.RTCPeerConnection     = RTCPeerConnection;","exports.RTCSessionDescription = RTCSessionDescription;",""],"l":{"1":2,"2":0,"3":0,"5":0,"6":0,"7":0}},"/home/travis/build/npmtest/node-npmtest-wrtc/node_modules/wrtc/lib/rtcstatsreport.js":{"path":"/home/travis/build/npmtest/node-npmtest-wrtc/node_modules/wrtc/lib/rtcstatsreport.js","s":{"1":1,"2":0,"3":0,"4":0,"5":0,"6":0,"7":1},"b":{},"f":{"1":0,"2":0,"3":0},"fnMap":{"1":{"name":"RTCStatsReport","line":1,"loc":{"start":{"line":1,"column":0},"end":{"line":1,"column":48}}},"2":{"name":"names","line":13,"loc":{"start":{"line":13,"column":15},"end":{"line":13,"column":32}}},"3":{"name":"stat","line":17,"loc":{"start":{"line":17,"column":14},"end":{"line":17,"column":34}}}},"statementMap":{"1":{"start":{"line":1,"column":0},"end":{"line":20,"column":1}},"2":{"start":{"line":4,"column":2},"end":{"line":11,"column":5}},"3":{"start":{"line":13,"column":2},"end":{"line":15,"column":4}},"4":{"start":{"line":14,"column":4},"end":{"line":14,"column":42}},"5":{"start":{"line":17,"column":2},"end":{"line":19,"column":4}},"6":{"start":{"line":18,"column":4},"end":{"line":18,"column":45}},"7":{"start":{"line":22,"column":0},"end":{"line":22,"column":32}}},"branchMap":{},"code":["function RTCStatsReport(internalRTCStatsReport) {","  'use strict';","","  Object.defineProperties(this, {","    'timestamp': {","      value: internalRTCStatsReport.timestamp","    },","    'type': {","      value: internalRTCStatsReport.type","    }","  });","","  this.names = function names() {","    return internalRTCStatsReport.names();","  };","","  this.stat = function stat(name) {","    return internalRTCStatsReport.stat(name);","  };","}","","module.exports = RTCStatsReport;",""],"l":{"1":1,"4":0,"13":0,"14":0,"17":0,"18":0,"22":1}},"/home/travis/build/npmtest/node-npmtest-wrtc/node_modules/wrtc/scripts/download-webrtc-libraries-and-headers.js":{"path":"/home/travis/build/npmtest/node-npmtest-wrtc/node_modules/wrtc/scripts/download-webrtc-libraries-and-headers.js","s":{"1":1,"2":1,"3":1,"4":1,"5":1,"6":1,"7":1,"8":1,"9":1,"10":1,"11":2,"12":1,"13":1,"14":1,"15":1,"16":1,"17":1,"18":1,"19":1,"20":1,"21":0,"22":1,"23":1,"24":1,"25":1,"26":0,"27":1,"28":0,"29":1,"30":1,"31":1,"32":1,"33":1,"34":0,"35":0,"36":0,"37":0,"38":0,"39":0,"40":0,"41":0,"42":0,"43":1,"44":0,"45":0,"46":1},"b":{"1":[1,1],"2":[0,1],"3":[1,1],"4":[1,1],"5":[1,1],"6":[1,1],"7":[0,1],"8":[0,1],"9":[1,0],"10":[0,1],"11":[0,0],"12":[0,0]},"f":{"1":2,"2":1,"3":1,"4":1,"5":1,"6":1,"7":0,"8":0,"9":0},"fnMap":{"1":{"name":"printf","line":67,"loc":{"start":{"line":67,"column":0},"end":{"line":67,"column":30}}},"2":{"name":"computeModulePath","line":81,"loc":{"start":{"line":81,"column":0},"end":{"line":81,"column":35}}},"3":{"name":"computeUrl","line":90,"loc":{"start":{"line":90,"column":0},"end":{"line":90,"column":29}}},"4":{"name":"exists","line":103,"loc":{"start":{"line":103,"column":0},"end":{"line":103,"column":22}}},"5":{"name":"downloadOrBuild","line":118,"loc":{"start":{"line":118,"column":0},"end":{"line":118,"column":34}}},"6":{"name":"(anonymous_6)","line":130,"loc":{"start":{"line":130,"column":21},"end":{"line":130,"column":47}}},"7":{"name":"(anonymous_7)","line":138,"loc":{"start":{"line":138,"column":10},"end":{"line":138,"column":21}}},"8":{"name":"(anonymous_8)","line":140,"loc":{"start":{"line":140,"column":5},"end":{"line":140,"column":21}}},"9":{"name":"build","line":160,"loc":{"start":{"line":160,"column":0},"end":{"line":160,"column":24}}}},"statementMap":{"1":{"start":{"line":3,"column":0},"end":{"line":3,"column":35}},"2":{"start":{"line":4,"column":0},"end":{"line":4,"column":49}},"3":{"start":{"line":5,"column":0},"end":{"line":5,"column":23}},"4":{"start":{"line":6,"column":0},"end":{"line":6,"column":37}},"5":{"start":{"line":7,"column":0},"end":{"line":7,"column":27}},"6":{"start":{"line":8,"column":0},"end":{"line":8,"column":28}},"7":{"start":{"line":9,"column":0},"end":{"line":9,"column":25}},"8":{"start":{"line":33,"column":0},"end":{"line":48,"column":2}},"9":{"start":{"line":50,"column":0},"end":{"line":59,"column":2}},"10":{"start":{"line":67,"column":0},"end":{"line":74,"column":1}},"11":{"start":{"line":68,"column":2},"end":{"line":73,"column":46}},"12":{"start":{"line":81,"column":0},"end":{"line":83,"column":1}},"13":{"start":{"line":82,"column":2},"end":{"line":82,"column":56}},"14":{"start":{"line":90,"column":0},"end":{"line":96,"column":1}},"15":{"start":{"line":91,"column":2},"end":{"line":91,"column":65}},"16":{"start":{"line":92,"column":2},"end":{"line":92,"column":63}},"17":{"start":{"line":93,"column":2},"end":{"line":95,"column":56}},"18":{"start":{"line":103,"column":0},"end":{"line":110,"column":1}},"19":{"start":{"line":104,"column":2},"end":{"line":109,"column":3}},"20":{"start":{"line":105,"column":4},"end":{"line":105,"column":22}},"21":{"start":{"line":106,"column":4},"end":{"line":106,"column":16}},"22":{"start":{"line":108,"column":4},"end":{"line":108,"column":17}},"23":{"start":{"line":118,"column":0},"end":{"line":153,"column":1}},"24":{"start":{"line":119,"column":2},"end":{"line":119,"column":53}},"25":{"start":{"line":120,"column":2},"end":{"line":124,"column":3}},"26":{"start":{"line":121,"column":4},"end":{"line":121,"column":11}},"27":{"start":{"line":122,"column":9},"end":{"line":124,"column":3}},"28":{"start":{"line":123,"column":4},"end":{"line":123,"column":26}},"29":{"start":{"line":125,"column":2},"end":{"line":125,"column":32}},"30":{"start":{"line":126,"column":2},"end":{"line":128,"column":68}},"31":{"start":{"line":129,"column":2},"end":{"line":129,"column":29}},"32":{"start":{"line":130,"column":2},"end":{"line":152,"column":5}},"33":{"start":{"line":131,"column":4},"end":{"line":137,"column":31}},"34":{"start":{"line":139,"column":4},"end":{"line":139,"column":29}},"35":{"start":{"line":141,"column":4},"end":{"line":150,"column":5}},"36":{"start":{"line":142,"column":6},"end":{"line":146,"column":7}},"37":{"start":{"line":143,"column":8},"end":{"line":143,"column":83}},"38":{"start":{"line":144,"column":8},"end":{"line":144,"column":23}},"39":{"start":{"line":145,"column":8},"end":{"line":145,"column":15}},"40":{"start":{"line":147,"column":6},"end":{"line":147,"column":97}},"41":{"start":{"line":149,"column":6},"end":{"line":149,"column":27}},"42":{"start":{"line":151,"column":4},"end":{"line":151,"column":20}},"43":{"start":{"line":160,"column":0},"end":{"line":169,"column":1}},"44":{"start":{"line":161,"column":2},"end":{"line":164,"column":18}},"45":{"start":{"line":165,"column":2},"end":{"line":168,"column":5}},"46":{"start":{"line":172,"column":0},"end":{"line":172,"column":25}}},"branchMap":{"1":{"line":51,"type":"binary-expr","locations":[{"start":{"line":51,"column":8},"end":{"line":51,"column":31}},{"start":{"line":51,"column":35},"end":{"line":51,"column":48}}]},"2":{"line":53,"type":"cond-expr","locations":[{"start":{"line":53,"column":42},"end":{"line":53,"column":46}},{"start":{"line":53,"column":49},"end":{"line":53,"column":69}}]},"3":{"line":54,"type":"binary-expr","locations":[{"start":{"line":54,"column":25},"end":{"line":54,"column":60}},{"start":{"line":54,"column":64},"end":{"line":54,"column":94}}]},"4":{"line":55,"type":"binary-expr","locations":[{"start":{"line":55,"column":10},"end":{"line":55,"column":35}},{"start":{"line":55,"column":39},"end":{"line":55,"column":54}}]},"5":{"line":56,"type":"binary-expr","locations":[{"start":{"line":56,"column":10},"end":{"line":56,"column":35}},{"start":{"line":56,"column":39},"end":{"line":56,"column":54}}]},"6":{"line":57,"type":"binary-expr","locations":[{"start":{"line":57,"column":12},"end":{"line":57,"column":39}},{"start":{"line":57,"column":43},"end":{"line":57,"column":60}}]},"7":{"line":58,"type":"cond-expr","locations":[{"start":{"line":58,"column":44},"end":{"line":58,"column":48}},{"start":{"line":58,"column":51},"end":{"line":58,"column":72}}]},"8":{"line":120,"type":"if","locations":[{"start":{"line":120,"column":2},"end":{"line":120,"column":2}},{"start":{"line":120,"column":2},"end":{"line":120,"column":2}}]},"9":{"line":120,"type":"binary-expr","locations":[{"start":{"line":120,"column":6},"end":{"line":120,"column":46}},{"start":{"line":120,"column":50},"end":{"line":120,"column":86}}]},"10":{"line":122,"type":"if","locations":[{"start":{"line":122,"column":9},"end":{"line":122,"column":9}},{"start":{"line":122,"column":9},"end":{"line":122,"column":9}}]},"11":{"line":141,"type":"if","locations":[{"start":{"line":141,"column":4},"end":{"line":141,"column":4}},{"start":{"line":141,"column":4},"end":{"line":141,"column":4}}]},"12":{"line":142,"type":"if","locations":[{"start":{"line":142,"column":6},"end":{"line":142,"column":6}},{"start":{"line":142,"column":6},"end":{"line":142,"column":6}}]}},"code":["//#!/usr/bin/env node","","var download = require('download');","var execSync = require('child_process').execSync;","var fs = require('fs');","var gunzip = require('gunzip-maybe');","var path = require('path');","var tar = require('tar-fs');","var url = require('url');","","/**"," * @typedef {object} Options"," * @property {string} [arch] - the architecture to download or build for"," * @property {BinaryOptions} [binary] - node-pre-gyp-style configuration"," * @property {string} [branch] - the WebRTC branch head"," * @property {boolean} [buildWebRTC] - whether or not to build from source if binaries are unavailable"," * @property {string} [buildWebRTCDependency] - the build-webrtc package to use"," * @property {string} [commit] - the WebRTC commit"," * @property {string} [platform] - the platform to download or build for"," * @property {boolean} [skipDownload] - skipDownload implies buildWebRTC"," */","","/**"," * These options are modeled after node-pre-gyp."," * @typedef {object} BinaryOptions"," * @property {string} [host] - the host to download libraries and headers from"," * @property {string} [module_name] - the name of the libraries and headers"," * @property {string} [module_path] - the path to extract the libraries and headers to"," * @property {string} [remote_path] - the path to the libraries and headers on the host"," * @property {string} [package_name] - the name of the package on the host"," */","","var defaults = {","  arch: process.arch,","  binary: {","    host: 'https://webrtc-libraries-and-headers.s3.amazonaws.com',","    module_name: 'webrtc',","    module_path: 'third_party/webrtc',","    remote_path: 'v1/build',","    package_name: '{module_name}-{branch}+{commit}.{platform}.{arch}.tar.gz'","  },","  buildWebRTC: false,","  buildWebRTCDependency: 'build-webrtc@0.1',","  branch: '50',","  commit: '49f7bd3',","  platform: process.platform,","  skipDownload: false","};","","var options = {","  arch: process.env.TARGET_ARCH || defaults.arch,","  binary: defaults.binary,","  buildWebRTC: process.env.BUILD_WEBRTC ? true : defaults.buildWebRTC,","  buildWebRTCDependency: process.env.BUILD_WEBRTC_DEPENDENCY || defaults.buildWebRTCDependency,","  branch: process.env.WEBRTC_BRANCH || defaults.branch,","  commit: process.env.WEBRTC_COMMIT || defaults.commit,","  platform: process.env.TARGET_PLATFORM || defaults.platform,","  skipDownload: process.env.SKIP_DOWNLOAD ? true : defaults.skipDownload","};","","/**"," * Perform variable substitution on a string."," * @param {string} str"," * @param {Options} options"," * @returns {stirng}"," */","function printf(str, options) {","  return str","    .replace(/{arch}/g, options.arch)","    .replace(/{branch}/g, options.branch)","    .replace(/{commit}/g, options.commit)","    .replace(/{module_name}/g, options.binary.module_name)","    .replace(/{platform}/g, options.platform);","}","","/**"," * Compute the module path to extract WebRTC libraries and headers to."," * @param {BinaryOptions} binary"," * @returns {string}"," */","function computeModulePath(binary) {","  return path.join(__dirname, '..', binary.module_path);","}","","/**"," * Compute the URL of the WebRTC libraries and headers download."," * @param {Options} options"," * @returns {string}"," */","function computeUrl(options) {","  var packageName = printf(options.binary.package_name, options);","  var remotePath = printf(options.binary.remote_path, options);","  return url.resolve(","    options.binary.host,","    remotePath + '/' + encodeURIComponent(packageName));","}","","/**"," * Check whether a path exists."," * @param {string} path"," * @returns {boolean}"," */","function exists(path) {","  try {","    fs.statSync(path);","    return true;","  } catch (error) {","    return false;","  }","}","","/**"," * Attempt to download WebRTC libraries and headers. If they're unavailable,"," * fallback to building from source."," * @param {Options} options"," * @returns {Promise}"," */","function downloadOrBuild(options) {","  var modulePath = computeModulePath(options.binary);","  if (exists(path.join(modulePath, 'include')) && exists(path.join(modulePath, 'lib'))) {","    return;","  } else if (options.skipDownload) {","    return build(options);","  }","  var url = computeUrl(options);","  console.log(","    'Attempting to download WebRTC libraries and headers for platform \"%s\" ' +","    'and architecture \"%s\" from\\n', options.platform, options.arch);","  console.log('  %s\\n', url);","  return new Promise(function(resolve, reject) {","    download(url)","      .once('error', reject)","      .pipe(gunzip())","      .once('error', reject)","      .pipe(tar.extract(modulePath))","      .once('error', reject)","      .once('finish', resolve);","  }).then(function() {","    console.log('Complete!');","  }, function(error) {","    if (error.statusCode === 404) {","      if (options.buildWebRTC) {","        console.log('Binaries unavailable! Falling back to building from source.');","        build(options);","        return;","      }","      console.error('Binaries unavailable! Try building from source by setting BUILD_WEBRTC=1.');","    } else {","      console.error(error);","    }","    process.exit(1);","  });","}","","/**"," * Attempt to build WebRTC libraries from source."," * @param {Options} options"," * @returns {undefined}"," */","function build(options) {","  var env = Object.assign({","    OUT: computeModulePath(options.binary),","    WEBRTC_REF: options.commit","  }, process.env);","  execSync('npm install ' + options.buildWebRTCDependency, {","    env: env,","    stdio: 'inherit'","  });","}","","// Good luck!","downloadOrBuild(options);",""],"l":{"3":1,"4":1,"5":1,"6":1,"7":1,"8":1,"9":1,"33":1,"50":1,"67":1,"68":2,"81":1,"82":1,"90":1,"91":1,"92":1,"93":1,"103":1,"104":1,"105":1,"106":0,"108":1,"118":1,"119":1,"120":1,"121":0,"122":1,"123":0,"125":1,"126":1,"129":1,"130":1,"131":1,"139":0,"141":0,"142":0,"143":0,"144":0,"145":0,"147":0,"149":0,"151":0,"160":1,"161":0,"165":0,"172":1}}}